20/04/2015 11:23:25 (Std) 	+-+-+-+-+-+-+-+-+-+-+-+-+-+-+-+-+-+-+-+-+-+-+-+-+-+-+-+-+-+-+-+-+-+-+-+-+-+-+-+
20/04/2015 11:23:25 (Std) 	+                     Crazy Eddie's GUI System - Event log                    +
20/04/2015 11:23:25 (Std) 	+                          (http://www.cegui.org.uk/)                         +
20/04/2015 11:23:25 (Std) 	+-+-+-+-+-+-+-+-+-+-+-+-+-+-+-+-+-+-+-+-+-+-+-+-+-+-+-+-+-+-+-+-+-+-+-+-+-+-+-+

20/04/2015 11:23:25 (Std) 	CEGUI::Logger singleton created. (0x24649e0)
20/04/2015 11:23:25 (Std) 	
20/04/2015 11:23:25 (Std) 	********************************************************************************
20/04/2015 11:23:25 (Std) 	* Important:                                                                   *
20/04/2015 11:23:25 (Std) 	*     To get support at the CEGUI forums, you must post _at least_ the section *
20/04/2015 11:23:25 (Std) 	*     of this log file indicated below.  Failure to do this will result in no  *
20/04/2015 11:23:25 (Std) 	*     support being given; please do not waste our time.                       *
20/04/2015 11:23:25 (Std) 	********************************************************************************
20/04/2015 11:23:25 (Std) 	********************************************************************************
20/04/2015 11:23:25 (Std) 	* -------- START OF ESSENTIAL SECTION TO BE POSTED ON THE FORUM       -------- *
20/04/2015 11:23:25 (Std) 	********************************************************************************
20/04/2015 11:23:25 (Std) 	---- Version: 0.8.4 (Build: Mar  2 2015 GNU/Linux g++ 4.8.2 64 bit) ----
20/04/2015 11:23:25 (Std) 	---- Renderer module is: CEGUI::OgreRenderer - Official OGRE based 2nd generation renderer module. ----
20/04/2015 11:23:25 (Std) 	---- XML Parser module is: CEGUI::ExpatParser - Official expat based parser module for CEGUI ----
20/04/2015 11:23:25 (Std) 	---- Image Codec module is: OgreImageCodec - Integrated ImageCodec using the Ogre engine. ----
20/04/2015 11:23:25 (Std) 	---- Scripting module is: None ----
20/04/2015 11:23:25 (Std) 	********************************************************************************
20/04/2015 11:23:25 (Std) 	* -------- END OF ESSENTIAL SECTION TO BE POSTED ON THE FORUM         -------- *
20/04/2015 11:23:25 (Std) 	********************************************************************************
20/04/2015 11:23:25 (Std) 	
20/04/2015 11:23:25 (Std) 	---- Begining CEGUI System initialisation ----
20/04/2015 11:23:25 (Std) 	[CEGUI::ImageManager] Singleton created (0x2841630)
20/04/2015 11:23:25 (Std) 	[CEGUI::ImageManager] Registered Image type: BasicImage
20/04/2015 11:23:25 (Std) 	CEGUI::FontManager singleton created. (0x283d5e0)
20/04/2015 11:23:25 (Std) 	CEGUI::WindowFactoryManager singleton created
20/04/2015 11:23:25 (Std) 	CEGUI::WindowManager singleton created (0x283d710)
20/04/2015 11:23:25 (Std) 	CEGUI::SchemeManager singleton created. (0x283d7a0)
20/04/2015 11:23:25 (Std) 	CEGUI::GlobalEventSet singleton created. (0x2465390)
20/04/2015 11:23:25 (Std) 	CEGUI::AnimationManager singleton created (0x283f0e0)
20/04/2015 11:23:25 (Std) 	CEGUI::WidgetLookManager singleton created. (0x28415f0)
20/04/2015 11:23:25 (Std) 	CEGUI::WindowRendererManager singleton created (0x2465100)
20/04/2015 11:23:25 (Std) 	CEGUI::RenderEffectManager singleton created (0x28422f0)
20/04/2015 11:23:25 (Std) 	Created WindowFactory for 'DefaultWindow' windows.
20/04/2015 11:23:25 (Std) 	WindowFactory for 'DefaultWindow' windows added. (0x2844280)
20/04/2015 11:23:25 (Std) 	Created WindowFactory for 'DragContainer' windows.
20/04/2015 11:23:25 (Std) 	WindowFactory for 'DragContainer' windows added. (0x2844360)
20/04/2015 11:23:25 (Std) 	Created WindowFactory for 'ScrolledContainer' windows.
20/04/2015 11:23:25 (Std) 	WindowFactory for 'ScrolledContainer' windows added. (0x2844530)
20/04/2015 11:23:25 (Std) 	Created WindowFactory for 'ClippedContainer' windows.
20/04/2015 11:23:25 (Std) 	WindowFactory for 'ClippedContainer' windows added. (0x2844710)
20/04/2015 11:23:25 (Std) 	Created WindowFactory for 'CEGUI/PushButton' windows.
20/04/2015 11:23:25 (Std) 	WindowFactory for 'CEGUI/PushButton' windows added. (0x28448c0)
20/04/2015 11:23:25 (Std) 	Created WindowFactory for 'CEGUI/RadioButton' windows.
20/04/2015 11:23:25 (Std) 	WindowFactory for 'CEGUI/RadioButton' windows added. (0x2844bd0)
20/04/2015 11:23:25 (Std) 	Created WindowFactory for 'CEGUI/Combobox' windows.
20/04/2015 11:23:25 (Std) 	WindowFactory for 'CEGUI/Combobox' windows added. (0x2844d70)
20/04/2015 11:23:25 (Std) 	Created WindowFactory for 'CEGUI/ComboDropList' windows.
20/04/2015 11:23:25 (Std) 	WindowFactory for 'CEGUI/ComboDropList' windows added. (0x2844f10)
20/04/2015 11:23:25 (Std) 	Created WindowFactory for 'CEGUI/Editbox' windows.
20/04/2015 11:23:25 (Std) 	WindowFactory for 'CEGUI/Editbox' windows added. (0x2844fd0)
20/04/2015 11:23:25 (Std) 	Created WindowFactory for 'CEGUI/FrameWindow' windows.
20/04/2015 11:23:25 (Std) 	WindowFactory for 'CEGUI/FrameWindow' windows added. (0x2845340)
20/04/2015 11:23:25 (Std) 	Created WindowFactory for 'CEGUI/ItemEntry' windows.
20/04/2015 11:23:25 (Std) 	WindowFactory for 'CEGUI/ItemEntry' windows added. (0x28454e0)
20/04/2015 11:23:25 (Std) 	Created WindowFactory for 'CEGUI/Listbox' windows.
20/04/2015 11:23:25 (Std) 	WindowFactory for 'CEGUI/Listbox' windows added. (0x2845680)
20/04/2015 11:23:25 (Std) 	Created WindowFactory for 'CEGUI/ListHeader' windows.
20/04/2015 11:23:25 (Std) 	WindowFactory for 'CEGUI/ListHeader' windows added. (0x2845820)
20/04/2015 11:23:25 (Std) 	Created WindowFactory for 'CEGUI/ListHeaderSegment' windows.
20/04/2015 11:23:25 (Std) 	WindowFactory for 'CEGUI/ListHeaderSegment' windows added. (0x28459c0)
20/04/2015 11:23:25 (Std) 	Created WindowFactory for 'CEGUI/Menubar' windows.
20/04/2015 11:23:25 (Std) 	WindowFactory for 'CEGUI/Menubar' windows added. (0x2845b60)
20/04/2015 11:23:25 (Std) 	Created WindowFactory for 'CEGUI/PopupMenu' windows.
20/04/2015 11:23:25 (Std) 	WindowFactory for 'CEGUI/PopupMenu' windows added. (0x2845d00)
20/04/2015 11:23:25 (Std) 	Created WindowFactory for 'CEGUI/MenuItem' windows.
20/04/2015 11:23:25 (Std) 	WindowFactory for 'CEGUI/MenuItem' windows added. (0x2845ea0)
20/04/2015 11:23:25 (Std) 	Created WindowFactory for 'CEGUI/MultiColumnList' windows.
20/04/2015 11:23:25 (Std) 	WindowFactory for 'CEGUI/MultiColumnList' windows added. (0x2846150)
20/04/2015 11:23:25 (Std) 	Created WindowFactory for 'CEGUI/MultiLineEditbox' windows.
20/04/2015 11:23:25 (Std) 	WindowFactory for 'CEGUI/MultiLineEditbox' windows added. (0x28462f0)
20/04/2015 11:23:25 (Std) 	Created WindowFactory for 'CEGUI/ProgressBar' windows.
20/04/2015 11:23:25 (Std) 	WindowFactory for 'CEGUI/ProgressBar' windows added. (0x2846490)
20/04/2015 11:23:25 (Std) 	Created WindowFactory for 'CEGUI/ScrollablePane' windows.
20/04/2015 11:23:25 (Std) 	WindowFactory for 'CEGUI/ScrollablePane' windows added. (0x2846630)
20/04/2015 11:23:25 (Std) 	Created WindowFactory for 'CEGUI/Scrollbar' windows.
20/04/2015 11:23:25 (Std) 	WindowFactory for 'CEGUI/Scrollbar' windows added. (0x28467d0)
20/04/2015 11:23:25 (Std) 	Created WindowFactory for 'CEGUI/Slider' windows.
20/04/2015 11:23:25 (Std) 	WindowFactory for 'CEGUI/Slider' windows added. (0x2846970)
20/04/2015 11:23:25 (Std) 	Created WindowFactory for 'CEGUI/Spinner' windows.
20/04/2015 11:23:25 (Std) 	WindowFactory for 'CEGUI/Spinner' windows added. (0x2846b10)
20/04/2015 11:23:25 (Std) 	Created WindowFactory for 'CEGUI/TabButton' windows.
20/04/2015 11:23:25 (Std) 	WindowFactory for 'CEGUI/TabButton' windows added. (0x2846cb0)
20/04/2015 11:23:25 (Std) 	Created WindowFactory for 'CEGUI/TabControl' windows.
20/04/2015 11:23:25 (Std) 	WindowFactory for 'CEGUI/TabControl' windows added. (0x2846e50)
20/04/2015 11:23:25 (Std) 	Created WindowFactory for 'CEGUI/Thumb' windows.
20/04/2015 11:23:25 (Std) 	WindowFactory for 'CEGUI/Thumb' windows added. (0x2846ff0)
20/04/2015 11:23:25 (Std) 	Created WindowFactory for 'CEGUI/Titlebar' windows.
20/04/2015 11:23:25 (Std) 	WindowFactory for 'CEGUI/Titlebar' windows added. (0x2847190)
20/04/2015 11:23:25 (Std) 	Created WindowFactory for 'CEGUI/ToggleButton' windows.
20/04/2015 11:23:25 (Std) 	WindowFactory for 'CEGUI/ToggleButton' windows added. (0x2847330)
20/04/2015 11:23:25 (Std) 	Created WindowFactory for 'CEGUI/Tooltip' windows.
20/04/2015 11:23:25 (Std) 	WindowFactory for 'CEGUI/Tooltip' windows added. (0x28474d0)
20/04/2015 11:23:25 (Std) 	Created WindowFactory for 'CEGUI/ItemListbox' windows.
20/04/2015 11:23:25 (Std) 	WindowFactory for 'CEGUI/ItemListbox' windows added. (0x2847670)
20/04/2015 11:23:25 (Std) 	Created WindowFactory for 'CEGUI/GroupBox' windows.
20/04/2015 11:23:25 (Std) 	WindowFactory for 'CEGUI/GroupBox' windows added. (0x2847810)
20/04/2015 11:23:25 (Std) 	Created WindowFactory for 'CEGUI/Tree' windows.
20/04/2015 11:23:25 (Std) 	WindowFactory for 'CEGUI/Tree' windows added. (0x28479b0)
20/04/2015 11:23:25 (Std) 	Created WindowFactory for 'LayoutCell' windows.
20/04/2015 11:23:25 (Std) 	WindowFactory for 'LayoutCell' windows added. (0x2846040)
20/04/2015 11:23:25 (Std) 	Created WindowFactory for 'HorizontalLayoutContainer' windows.
20/04/2015 11:23:25 (Std) 	WindowFactory for 'HorizontalLayoutContainer' windows added. (0x2847e40)
20/04/2015 11:23:25 (Std) 	Created WindowFactory for 'VerticalLayoutContainer' windows.
20/04/2015 11:23:25 (Std) 	WindowFactory for 'VerticalLayoutContainer' windows added. (0x2847fe0)
20/04/2015 11:23:25 (Std) 	Created WindowFactory for 'GridLayoutContainer' windows.
20/04/2015 11:23:25 (Std) 	WindowFactory for 'GridLayoutContainer' windows added. (0x2848180)
20/04/2015 11:23:25 (Std) 	CEGUI::System singleton created. (0x2464790)
20/04/2015 11:23:25 (Std) 	---- CEGUI System initialisation completed ----
20/04/2015 11:23:25 (Std) 	
20/04/2015 11:23:25 (Std) 	Started creation of Scheme from XML specification:
20/04/2015 11:23:25 (Std) 	---- CEGUI GUIScheme name: TaharezLook
20/04/2015 11:23:25 (Std) 	[ImageManager] Started creation of Imageset from XML specification:
20/04/2015 11:23:25 (Std) 	[ImageManager] ---- CEGUI Imageset name: TaharezLook
20/04/2015 11:23:25 (Std) 	[ImageManager] ---- Source texture file: TaharezLook.png
20/04/2015 11:23:25 (Std) 	[ImageManager] ---- Source texture resource group: (Default)
20/04/2015 11:23:25 (Std) 	[OgreRenderer] Created texture: TaharezLook
20/04/2015 11:23:25 (Std) 	[ImageManager] Created image: 'TaharezLook/ClientBrush' (0x285bb10) of type: BasicImage
20/04/2015 11:23:25 (Std) 	[ImageManager] Created image: 'TaharezLook/GenericBrush' (0x285be10) of type: BasicImage
20/04/2015 11:23:25 (Std) 	[ImageManager] Created image: 'TaharezLook/WindowLeftEdge' (0x2848a50) of type: BasicImage
20/04/2015 11:23:25 (Std) 	[ImageManager] Created image: 'TaharezLook/WindowRightEdge' (0x2848ce0) of type: BasicImage
20/04/2015 11:23:25 (Std) 	[ImageManager] Created image: 'TaharezLook/WindowTopEdge' (0x285b4d0) of type: BasicImage
20/04/2015 11:23:25 (Std) 	[ImageManager] Created image: 'TaharezLook/WindowBottomEdge' (0x284da80) of type: BasicImage
20/04/2015 11:23:25 (Std) 	[ImageManager] Created image: 'TaharezLook/WindowTopLeft' (0x2848ef0) of type: BasicImage
20/04/2015 11:23:25 (Std) 	[ImageManager] Created image: 'TaharezLook/WindowTopRight' (0x2849100) of type: BasicImage
20/04/2015 11:23:25 (Std) 	[ImageManager] Created image: 'TaharezLook/WindowBottomLeft' (0x2849310) of type: BasicImage
20/04/2015 11:23:25 (Std) 	[ImageManager] Created image: 'TaharezLook/WindowBottomRight' (0x2849520) of type: BasicImage
20/04/2015 11:23:25 (Std) 	[ImageManager] Created image: 'TaharezLook/ButtonLeftNormal' (0x2849730) of type: BasicImage
20/04/2015 11:23:25 (Std) 	[ImageManager] Created image: 'TaharezLook/ButtonMiddleNormal' (0x2849940) of type: BasicImage
20/04/2015 11:23:25 (Std) 	[ImageManager] Created image: 'TaharezLook/ButtonRightNormal' (0x2849b50) of type: BasicImage
20/04/2015 11:23:25 (Std) 	[ImageManager] Created image: 'TaharezLook/ButtonLeftPushed' (0x2849d60) of type: BasicImage
20/04/2015 11:23:25 (Std) 	[ImageManager] Created image: 'TaharezLook/ButtonMiddlePushed' (0x2849f70) of type: BasicImage
20/04/2015 11:23:25 (Std) 	[ImageManager] Created image: 'TaharezLook/ButtonRightPushed' (0x284a180) of type: BasicImage
20/04/2015 11:23:25 (Std) 	[ImageManager] Created image: 'TaharezLook/ButtonLeftHighlight' (0x284a390) of type: BasicImage
20/04/2015 11:23:25 (Std) 	[ImageManager] Created image: 'TaharezLook/ButtonMiddleHighlight' (0x284a8c0) of type: BasicImage
20/04/2015 11:23:25 (Std) 	[ImageManager] Created image: 'TaharezLook/ButtonRightHighlight' (0x28488c0) of type: BasicImage
20/04/2015 11:23:25 (Std) 	[ImageManager] Created image: 'TaharezLook/CheckboxNormal' (0x285b340) of type: BasicImage
20/04/2015 11:23:25 (Std) 	[ImageManager] Created image: 'TaharezLook/CheckboxHover' (0x284ad70) of type: BasicImage
20/04/2015 11:23:25 (Std) 	[ImageManager] Created image: 'TaharezLook/CheckboxMark' (0x284af80) of type: BasicImage
20/04/2015 11:23:25 (Std) 	[ImageManager] Created image: 'TaharezLook/RadioButtonNormal' (0x284b190) of type: BasicImage
20/04/2015 11:23:25 (Std) 	[ImageManager] Created image: 'TaharezLook/RadioButtonHover' (0x284b3a0) of type: BasicImage
20/04/2015 11:23:25 (Std) 	[ImageManager] Created image: 'TaharezLook/RadioButtonMark' (0x284b5b0) of type: BasicImage
20/04/2015 11:23:25 (Std) 	[ImageManager] Created image: 'TaharezLook/TitlebarLeft' (0x284b7c0) of type: BasicImage
20/04/2015 11:23:25 (Std) 	[ImageManager] Created image: 'TaharezLook/TitlebarMiddle' (0x285b1b0) of type: BasicImage
20/04/2015 11:23:25 (Std) 	[ImageManager] Created image: 'TaharezLook/TitlebarRight' (0x284f210) of type: BasicImage
20/04/2015 11:23:25 (Std) 	[ImageManager] Created image: 'TaharezLook/NewTitlebarLeft' (0x284f420) of type: BasicImage
20/04/2015 11:23:25 (Std) 	[ImageManager] Created image: 'TaharezLook/NewTitlebarMiddle' (0x284f630) of type: BasicImage
20/04/2015 11:23:25 (Std) 	[ImageManager] Created image: 'TaharezLook/NewTitlebarRight' (0x284f840) of type: BasicImage
20/04/2015 11:23:25 (Std) 	[ImageManager] Created image: 'TaharezLook/SysAreaMiddle' (0x284fa50) of type: BasicImage
20/04/2015 11:23:25 (Std) 	[ImageManager] Created image: 'TaharezLook/SysAreaRight' (0x284fc60) of type: BasicImage
20/04/2015 11:23:25 (Std) 	[ImageManager] Created image: 'TaharezLook/StaticLeft' (0x284fe70) of type: BasicImage
20/04/2015 11:23:25 (Std) 	[ImageManager] Created image: 'TaharezLook/StaticRight' (0x2850080) of type: BasicImage
20/04/2015 11:23:25 (Std) 	[ImageManager] Created image: 'TaharezLook/StaticTop' (0x2850290) of type: BasicImage
20/04/2015 11:23:25 (Std) 	[ImageManager] Created image: 'TaharezLook/StaticBottom' (0x28504a0) of type: BasicImage
20/04/2015 11:23:25 (Std) 	[ImageManager] Created image: 'TaharezLook/StaticTopLeft' (0x28506b0) of type: BasicImage
20/04/2015 11:23:25 (Std) 	[ImageManager] Created image: 'TaharezLook/StaticTopRight' (0x28508c0) of type: BasicImage
20/04/2015 11:23:25 (Std) 	[ImageManager] Created image: 'TaharezLook/StaticBottomLeft' (0x2850ad0) of type: BasicImage
20/04/2015 11:23:25 (Std) 	[ImageManager] Created image: 'TaharezLook/StaticBottomRight' (0x2850ce0) of type: BasicImage
20/04/2015 11:23:25 (Std) 	[ImageManager] Created image: 'TaharezLook/StaticBackdrop' (0x2850ef0) of type: BasicImage
20/04/2015 11:23:25 (Std) 	[ImageManager] Created image: 'TaharezLook/ProgressBarLeft' (0x2851100) of type: BasicImage
20/04/2015 11:23:25 (Std) 	[ImageManager] Created image: 'TaharezLook/ProgressBarMiddle' (0x2851310) of type: BasicImage
20/04/2015 11:23:25 (Std) 	[ImageManager] Created image: 'TaharezLook/ProgressBarRight' (0x2851520) of type: BasicImage
20/04/2015 11:23:25 (Std) 	[ImageManager] Created image: 'TaharezLook/ProgressBarDimSegment' (0x28518c0) of type: BasicImage
20/04/2015 11:23:25 (Std) 	[ImageManager] Created image: 'TaharezLook/ProgressBarLitSegment' (0x284d8f0) of type: BasicImage
20/04/2015 11:23:25 (Std) 	[ImageManager] Created image: 'TaharezLook/EditBoxLeft' (0x2851f20) of type: BasicImage
20/04/2015 11:23:25 (Std) 	[ImageManager] Created image: 'TaharezLook/EditBoxMiddle' (0x2852130) of type: BasicImage
20/04/2015 11:23:25 (Std) 	[ImageManager] Created image: 'TaharezLook/EditBoxRight' (0x2852340) of type: BasicImage
20/04/2015 11:23:25 (Std) 	[ImageManager] Created image: 'TaharezLook/EditBoxCaret' (0x2852550) of type: BasicImage
20/04/2015 11:23:25 (Std) 	[ImageManager] Created image: 'TaharezLook/SpinnerUpNormal' (0x2852760) of type: BasicImage
20/04/2015 11:23:25 (Std) 	[ImageManager] Created image: 'TaharezLook/SpinnerDownNormal' (0x2852970) of type: BasicImage
20/04/2015 11:23:25 (Std) 	[ImageManager] Created image: 'TaharezLook/SpinnerUpHover' (0x2852b80) of type: BasicImage
20/04/2015 11:23:25 (Std) 	[ImageManager] Created image: 'TaharezLook/SpinnerDownHover' (0x2852d90) of type: BasicImage
20/04/2015 11:23:25 (Std) 	[ImageManager] Created image: 'TaharezLook/TextSelectionBrush' (0x2852fa0) of type: BasicImage
20/04/2015 11:23:25 (Std) 	[ImageManager] Created image: 'TaharezLook/VertScrollTop' (0x28531b0) of type: BasicImage
20/04/2015 11:23:25 (Std) 	[ImageManager] Created image: 'TaharezLook/VertScrollMiddle' (0x28533c0) of type: BasicImage
20/04/2015 11:23:25 (Std) 	[ImageManager] Created image: 'TaharezLook/VertScrollBottom' (0x28535d0) of type: BasicImage
20/04/2015 11:23:25 (Std) 	[ImageManager] Created image: 'TaharezLook/VertScrollBarSegment' (0x28537e0) of type: BasicImage
20/04/2015 11:23:25 (Std) 	[ImageManager] Created image: 'TaharezLook/VertScrollThumbNormal' (0x2853b10) of type: BasicImage
20/04/2015 11:23:25 (Std) 	[ImageManager] Created image: 'TaharezLook/VertScrollThumbHover' (0x2853e40) of type: BasicImage
20/04/2015 11:23:25 (Std) 	[ImageManager] Created image: 'TaharezLook/VertScrollUpNormal' (0x2854170) of type: BasicImage
20/04/2015 11:23:25 (Std) 	[ImageManager] Created image: 'TaharezLook/VertScrollDownNormal' (0x2854380) of type: BasicImage
20/04/2015 11:23:25 (Std) 	[ImageManager] Created image: 'TaharezLook/VertScrollUpHover' (0x28546b0) of type: BasicImage
20/04/2015 11:23:25 (Std) 	[ImageManager] Created image: 'TaharezLook/VertScrollDownHover' (0x28548c0) of type: BasicImage
20/04/2015 11:23:25 (Std) 	[ImageManager] Created image: 'TaharezLook/MiniVertScrollBarSegment' (0x2854c60) of type: BasicImage
20/04/2015 11:23:25 (Std) 	[ImageManager] Created image: 'TaharezLook/MiniVertScrollThumbNormal' (0x2848730) of type: BasicImage
20/04/2015 11:23:25 (Std) 	[ImageManager] Created image: 'TaharezLook/MiniVertScrollThumbTopNormal' (0x28720a0) of type: BasicImage
20/04/2015 11:23:25 (Std) 	[ImageManager] Created image: 'TaharezLook/MiniVertScrollThumbMiddleNormal' (0x284d690) of type: BasicImage
20/04/2015 11:23:25 (Std) 	[ImageManager] Created image: 'TaharezLook/MiniVertScrollThumbBottomNormal' (0x2872730) of type: BasicImage
20/04/2015 11:23:25 (Std) 	[ImageManager] Created image: 'TaharezLook/MiniVertScrollThumbTopHover' (0x2872ac0) of type: BasicImage
20/04/2015 11:23:25 (Std) 	[ImageManager] Created image: 'TaharezLook/MiniVertScrollThumbMiddleHover' (0x2872ee0) of type: BasicImage
20/04/2015 11:23:25 (Std) 	[ImageManager] Created image: 'TaharezLook/MiniVertScrollThumbBottomHover' (0x2873270) of type: BasicImage
20/04/2015 11:23:25 (Std) 	[ImageManager] Created image: 'TaharezLook/MiniVertScrollThumbHover' (0x2873600) of type: BasicImage
20/04/2015 11:23:25 (Std) 	[ImageManager] Created image: 'TaharezLook/MiniVertScrollUpNormal' (0x28739f0) of type: BasicImage
20/04/2015 11:23:25 (Std) 	[ImageManager] Created image: 'TaharezLook/MiniVertScrollDownNormal' (0x2873d40) of type: BasicImage
20/04/2015 11:23:25 (Std) 	[ImageManager] Created image: 'TaharezLook/MiniVertScrollUpHover' (0x2874090) of type: BasicImage
20/04/2015 11:23:25 (Std) 	[ImageManager] Created image: 'TaharezLook/MiniVertScrollDownHover' (0x28743c0) of type: BasicImage
20/04/2015 11:23:25 (Std) 	[ImageManager] Created image: 'TaharezLook/VertSliderBody' (0x2874710) of type: BasicImage
20/04/2015 11:23:25 (Std) 	[ImageManager] Created image: 'TaharezLook/VertSliderThumbNormal' (0x2874920) of type: BasicImage
20/04/2015 11:23:25 (Std) 	[ImageManager] Created image: 'TaharezLook/VertSliderThumbHover' (0x2874c50) of type: BasicImage
20/04/2015 11:23:25 (Std) 	[ImageManager] Created image: 'TaharezLook/MiniHorzScrollBarSegment' (0x2874f80) of type: BasicImage
20/04/2015 11:23:25 (Std) 	[ImageManager] Created image: 'TaharezLook/MiniHorzScrollThumbNormal' (0x28752d0) of type: BasicImage
20/04/2015 11:23:25 (Std) 	[ImageManager] Created image: 'TaharezLook/MiniHorzScrollThumbLeftNormal' (0x2875620) of type: BasicImage
20/04/2015 11:23:25 (Std) 	[ImageManager] Created image: 'TaharezLook/MiniHorzScrollThumbMiddleNormal' (0x2875a40) of type: BasicImage
20/04/2015 11:23:25 (Std) 	[ImageManager] Created image: 'TaharezLook/MiniHorzScrollThumbRightNormal' (0x2875dd0) of type: BasicImage
20/04/2015 11:23:25 (Std) 	[ImageManager] Created image: 'TaharezLook/MiniHorzScrollThumbHover' (0x2876160) of type: BasicImage
20/04/2015 11:23:25 (Std) 	[ImageManager] Created image: 'TaharezLook/MiniHorzScrollThumbLeftHover' (0x28764b0) of type: BasicImage
20/04/2015 11:23:25 (Std) 	[ImageManager] Created image: 'TaharezLook/MiniHorzScrollThumbMiddleHover' (0x2876820) of type: BasicImage
20/04/2015 11:23:25 (Std) 	[ImageManager] Created image: 'TaharezLook/MiniHorzScrollThumbRightHover' (0x2876bb0) of type: BasicImage
20/04/2015 11:23:25 (Std) 	[ImageManager] Created image: 'TaharezLook/MiniHorzScrollLeftNormal' (0x2876f20) of type: BasicImage
20/04/2015 11:23:25 (Std) 	[ImageManager] Created image: 'TaharezLook/MiniHorzScrollRightNormal' (0x2877270) of type: BasicImage
20/04/2015 11:23:25 (Std) 	[ImageManager] Created image: 'TaharezLook/MiniHorzScrollLeftHover' (0x28775c0) of type: BasicImage
20/04/2015 11:23:25 (Std) 	[ImageManager] Created image: 'TaharezLook/MiniHorzScrollRightHover' (0x2877910) of type: BasicImage
20/04/2015 11:23:25 (Std) 	[ImageManager] Created image: 'TaharezLook/ListboxLeft' (0x2877c60) of type: BasicImage
20/04/2015 11:23:25 (Std) 	[ImageManager] Created image: 'TaharezLook/ListboxRight' (0x2877e70) of type: BasicImage
20/04/2015 11:23:25 (Std) 	[ImageManager] Created image: 'TaharezLook/ListboxTop' (0x2878080) of type: BasicImage
20/04/2015 11:23:25 (Std) 	[ImageManager] Created image: 'TaharezLook/ListboxBottom' (0x2878290) of type: BasicImage
20/04/2015 11:23:25 (Std) 	[ImageManager] Created image: 'TaharezLook/ListboxTopLeft' (0x28784a0) of type: BasicImage
20/04/2015 11:23:25 (Std) 	[ImageManager] Created image: 'TaharezLook/ListboxTopRight' (0x28786b0) of type: BasicImage
20/04/2015 11:23:25 (Std) 	[ImageManager] Created image: 'TaharezLook/ListboxBottomLeft' (0x28788c0) of type: BasicImage
20/04/2015 11:23:25 (Std) 	[ImageManager] Created image: 'TaharezLook/ListboxBottomRight' (0x2878ad0) of type: BasicImage
20/04/2015 11:23:25 (Std) 	[ImageManager] Created image: 'TaharezLook/ListboxBackdrop' (0x2878ce0) of type: BasicImage
20/04/2015 11:23:25 (Std) 	[ImageManager] Created image: 'TaharezLook/ListboxSelectionBrush' (0x2878ef0) of type: BasicImage
20/04/2015 11:23:25 (Std) 	[ImageManager] Created image: 'TaharezLook/ComboboxEditLeft' (0x2879220) of type: BasicImage
20/04/2015 11:23:25 (Std) 	[ImageManager] Created image: 'TaharezLook/ComboboxEditMiddle' (0x2879430) of type: BasicImage
20/04/2015 11:23:25 (Std) 	[ImageManager] Created image: 'TaharezLook/ComboboxListButtonNormal' (0x2879640) of type: BasicImage
20/04/2015 11:23:25 (Std) 	[ImageManager] Created image: 'TaharezLook/ComboboxListButtonHover' (0x2879990) of type: BasicImage
20/04/2015 11:23:25 (Std) 	[ImageManager] Created image: 'TaharezLook/ComboboxListLeft' (0x2879ce0) of type: BasicImage
20/04/2015 11:23:25 (Std) 	[ImageManager] Created image: 'TaharezLook/ComboboxListRight' (0x2879ef0) of type: BasicImage
20/04/2015 11:23:25 (Std) 	[ImageManager] Created image: 'TaharezLook/ComboboxListTop' (0x287a100) of type: BasicImage
20/04/2015 11:23:25 (Std) 	[ImageManager] Created image: 'TaharezLook/ComboboxListBottom' (0x287a310) of type: BasicImage
20/04/2015 11:23:25 (Std) 	[ImageManager] Created image: 'TaharezLook/ComboboxListTopLeft' (0x287a520) of type: BasicImage
20/04/2015 11:23:25 (Std) 	[ImageManager] Created image: 'TaharezLook/ComboboxListTopRight' (0x287a730) of type: BasicImage
20/04/2015 11:23:25 (Std) 	[ImageManager] Created image: 'TaharezLook/ComboboxListBottomLeft' (0x287aa60) of type: BasicImage
20/04/2015 11:23:25 (Std) 	[ImageManager] Created image: 'TaharezLook/ComboboxListBottomRight' (0x287adb0) of type: BasicImage
20/04/2015 11:23:25 (Std) 	[ImageManager] Created image: 'TaharezLook/ComboboxListBackdrop' (0x287b100) of type: BasicImage
20/04/2015 11:23:25 (Std) 	[ImageManager] Created image: 'TaharezLook/ComboboxSelectionBrush' (0x287b430) of type: BasicImage
20/04/2015 11:23:25 (Std) 	[ImageManager] Created image: 'TaharezLook/ComboboxDividerLeft' (0x287b780) of type: BasicImage
20/04/2015 11:23:25 (Std) 	[ImageManager] Created image: 'TaharezLook/ComboboxDividerMiddle' (0x287b990) of type: BasicImage
20/04/2015 11:23:25 (Std) 	[ImageManager] Created image: 'TaharezLook/ComboboxDividerRight' (0x287bcc0) of type: BasicImage
20/04/2015 11:23:25 (Std) 	[ImageManager] Created image: 'TaharezLook/HeaderBarBackdropNormal' (0x287bff0) of type: BasicImage
20/04/2015 11:23:25 (Std) 	[ImageManager] Created image: 'TaharezLook/HeaderBarBackdropHover' (0x287c340) of type: BasicImage
20/04/2015 11:23:25 (Std) 	[ImageManager] Created image: 'TaharezLook/HeaderBarSplitterNormal' (0x287c690) of type: BasicImage
20/04/2015 11:23:25 (Std) 	[ImageManager] Created image: 'TaharezLook/HeaderBarSplitterHover' (0x287c9e0) of type: BasicImage
20/04/2015 11:23:25 (Std) 	[ImageManager] Created image: 'TaharezLook/HeaderBarSortUp' (0x287cd30) of type: BasicImage
20/04/2015 11:23:25 (Std) 	[ImageManager] Created image: 'TaharezLook/HeaderBarSortDown' (0x287cf40) of type: BasicImage
20/04/2015 11:23:25 (Std) 	[ImageManager] Created image: 'TaharezLook/MultiListLeft' (0x287d150) of type: BasicImage
20/04/2015 11:23:25 (Std) 	[ImageManager] Created image: 'TaharezLook/MultiListRight' (0x287d360) of type: BasicImage
20/04/2015 11:23:25 (Std) 	[ImageManager] Created image: 'TaharezLook/MultiListTop' (0x287d570) of type: BasicImage
20/04/2015 11:23:25 (Std) 	[ImageManager] Created image: 'TaharezLook/MultiListBottom' (0x287d780) of type: BasicImage
20/04/2015 11:23:25 (Std) 	[ImageManager] Created image: 'TaharezLook/MultiListTopLeft' (0x287d990) of type: BasicImage
20/04/2015 11:23:25 (Std) 	[ImageManager] Created image: 'TaharezLook/MultiListTopRight' (0x287dba0) of type: BasicImage
20/04/2015 11:23:25 (Std) 	[ImageManager] Created image: 'TaharezLook/MultiListBottomLeft' (0x287ddb0) of type: BasicImage
20/04/2015 11:23:25 (Std) 	[ImageManager] Created image: 'TaharezLook/MultiListBottomRight' (0x287dfc0) of type: BasicImage
20/04/2015 11:23:25 (Std) 	[ImageManager] Created image: 'TaharezLook/MultiListBackdrop' (0x287e2f0) of type: BasicImage
20/04/2015 11:23:25 (Std) 	[ImageManager] Created image: 'TaharezLook/MultiListSelectionBrush' (0x287e500) of type: BasicImage
20/04/2015 11:23:25 (Std) 	[ImageManager] Created image: 'TaharezLook/AltProgressLeft' (0x287e850) of type: BasicImage
20/04/2015 11:23:25 (Std) 	[ImageManager] Created image: 'TaharezLook/AltProgressMiddle' (0x287ea60) of type: BasicImage
20/04/2015 11:23:25 (Std) 	[ImageManager] Created image: 'TaharezLook/AltProgressRight' (0x287ec70) of type: BasicImage
20/04/2015 11:23:25 (Std) 	[ImageManager] Created image: 'TaharezLook/AltProgressQuarter' (0x287ee80) of type: BasicImage
20/04/2015 11:23:25 (Std) 	[ImageManager] Created image: 'TaharezLook/AltProgressHalf' (0x285b020) of type: BasicImage
20/04/2015 11:23:25 (Std) 	[ImageManager] Created image: 'TaharezLook/AltProgressLight1' (0x28ff380) of type: BasicImage
20/04/2015 11:23:25 (Std) 	[ImageManager] Created image: 'TaharezLook/AltProgressLight2' (0x28ff590) of type: BasicImage
20/04/2015 11:23:25 (Std) 	[ImageManager] Created image: 'TaharezLook/AltProgressLight3' (0x28ff7a0) of type: BasicImage
20/04/2015 11:23:25 (Std) 	[ImageManager] Created image: 'TaharezLook/AltProgressLight4' (0x28ff9b0) of type: BasicImage
20/04/2015 11:23:25 (Std) 	[ImageManager] Created image: 'TaharezLook/AltProgressLight5' (0x28ffbc0) of type: BasicImage
20/04/2015 11:23:25 (Std) 	[ImageManager] Created image: 'TaharezLook/AltProgressLight6' (0x28ffdd0) of type: BasicImage
20/04/2015 11:23:25 (Std) 	[ImageManager] Created image: 'TaharezLook/AltProgressLight7' (0x28fffe0) of type: BasicImage
20/04/2015 11:23:25 (Std) 	[ImageManager] Created image: 'TaharezLook/AltProgressLight8' (0x29001f0) of type: BasicImage
20/04/2015 11:23:25 (Std) 	[ImageManager] Created image: 'TaharezLook/AltProgressLight9' (0x2900400) of type: BasicImage
20/04/2015 11:23:25 (Std) 	[ImageManager] Created image: 'TaharezLook/AltProgressLight10' (0x2900610) of type: BasicImage
20/04/2015 11:23:25 (Std) 	[ImageManager] Created image: 'TaharezLook/CloseButtonNormal' (0x2900820) of type: BasicImage
20/04/2015 11:23:25 (Std) 	[ImageManager] Created image: 'TaharezLook/CloseButtonHover' (0x2900a30) of type: BasicImage
20/04/2015 11:23:25 (Std) 	[ImageManager] Created image: 'TaharezLook/CloseButtonPressed' (0x2900c40) of type: BasicImage
20/04/2015 11:23:25 (Std) 	[ImageManager] Created image: 'TaharezLook/NewCloseButtonNormal' (0x2900e50) of type: BasicImage
20/04/2015 11:23:25 (Std) 	[ImageManager] Created image: 'TaharezLook/NewCloseButtonHover' (0x2901060) of type: BasicImage
20/04/2015 11:23:25 (Std) 	[ImageManager] Created image: 'TaharezLook/NewCloseButtonPressed' (0x2901270) of type: BasicImage
20/04/2015 11:23:25 (Std) 	[ImageManager] Created image: 'TaharezLook/MultiLineEditboxLeft' (0x2901480) of type: BasicImage
20/04/2015 11:23:25 (Std) 	[ImageManager] Created image: 'TaharezLook/MultiLineEditboxRight' (0x2901690) of type: BasicImage
20/04/2015 11:23:25 (Std) 	[ImageManager] Created image: 'TaharezLook/MultiLineEditboxTop' (0x29018a0) of type: BasicImage
20/04/2015 11:23:25 (Std) 	[ImageManager] Created image: 'TaharezLook/MultiLineEditboxBottom' (0x2901ab0) of type: BasicImage
20/04/2015 11:23:25 (Std) 	[ImageManager] Created image: 'TaharezLook/MultiLineEditboxTopLeft' (0x2901ea0) of type: BasicImage
20/04/2015 11:23:25 (Std) 	[ImageManager] Created image: 'TaharezLook/MultiLineEditboxTopRight' (0x29021f0) of type: BasicImage
20/04/2015 11:23:25 (Std) 	[ImageManager] Created image: 'TaharezLook/MultiLineEditboxBottomLeft' (0x2902860) of type: BasicImage
20/04/2015 11:23:25 (Std) 	[ImageManager] Created image: 'TaharezLook/MultiLineEditboxBottomRight' (0x2902b20) of type: BasicImage
20/04/2015 11:23:25 (Std) 	[ImageManager] Created image: 'TaharezLook/MultiLineEditboxBackdrop' (0x2902e90) of type: BasicImage
20/04/2015 11:23:25 (Std) 	[ImageManager] Created image: 'TaharezLook/MultiLineEditboxSelectionBrush' (0x29033c0) of type: BasicImage
20/04/2015 11:23:25 (Std) 	[ImageManager] Created image: 'TaharezLook/MouseTarget' (0x2903b40) of type: BasicImage
20/04/2015 11:23:25 (Std) 	[ImageManager] Created image: 'TaharezLook/MouseArrow' (0x2871f10) of type: BasicImage
20/04/2015 11:23:25 (Std) 	[ImageManager] Created image: 'TaharezLook/MouseMoveCursor' (0x2904070) of type: BasicImage
20/04/2015 11:23:25 (Std) 	[ImageManager] Created image: 'TaharezLook/MouseNoSoCursor' (0x2904280) of type: BasicImage
20/04/2015 11:23:25 (Std) 	[ImageManager] Created image: 'TaharezLook/MouseEsWeCursor' (0x2904490) of type: BasicImage
20/04/2015 11:23:25 (Std) 	[ImageManager] Created image: 'TaharezLook/MouseNeSwCursor' (0x29046a0) of type: BasicImage
20/04/2015 11:23:25 (Std) 	[ImageManager] Created image: 'TaharezLook/MouseNwSeCursor' (0x29048b0) of type: BasicImage
20/04/2015 11:23:25 (Std) 	[ImageManager] Created image: 'TaharezLook/MouseTextBar' (0x2904ac0) of type: BasicImage
20/04/2015 11:23:25 (Std) 	[ImageManager] Created image: 'TaharezLook/TabHorizontalFiller' (0x2902540) of type: BasicImage
20/04/2015 11:23:25 (Std) 	[ImageManager] Created image: 'TaharezLook/TabContentPaneUpperLeft' (0x2903780) of type: BasicImage
20/04/2015 11:23:25 (Std) 	[ImageManager] Created image: 'TaharezLook/TabContentPaneUpper' (0x2904cd0) of type: BasicImage
20/04/2015 11:23:25 (Std) 	[ImageManager] Created image: 'TaharezLook/TabContentPaneUpperRight' (0x2904df0) of type: BasicImage
20/04/2015 11:23:25 (Std) 	[ImageManager] Created image: 'TaharezLook/TabContentPaneLeft' (0x2905000) of type: BasicImage
20/04/2015 11:23:25 (Std) 	[ImageManager] Created image: 'TaharezLook/TabContentPaneRight' (0x2905210) of type: BasicImage
20/04/2015 11:23:25 (Std) 	[ImageManager] Created image: 'TaharezLook/TabContentPaneLower' (0x2905420) of type: BasicImage
20/04/2015 11:23:25 (Std) 	[ImageManager] Created image: 'TaharezLook/TabContentPaneLowerLeft' (0x2905630) of type: BasicImage
20/04/2015 11:23:25 (Std) 	[ImageManager] Created image: 'TaharezLook/TabContentPaneLowerRight' (0x2905980) of type: BasicImage
20/04/2015 11:23:25 (Std) 	[ImageManager] Created image: 'TaharezLook/TabContentPaneMiddle' (0x2905cd0) of type: BasicImage
20/04/2015 11:23:25 (Std) 	[ImageManager] Created image: 'TaharezLook/TabButtonScrollLeftNormal' (0x2906070) of type: BasicImage
20/04/2015 11:23:25 (Std) 	[ImageManager] Created image: 'TaharezLook/TabButtonScrollRightNormal' (0x29066e0) of type: BasicImage
20/04/2015 11:23:25 (Std) 	[ImageManager] Created image: 'TaharezLook/TabButtonScrollLeftHover' (0x2903230) of type: BasicImage
20/04/2015 11:23:25 (Std) 	[ImageManager] Created image: 'TaharezLook/TabButtonScrollRightHover' (0x2906b30) of type: BasicImage
20/04/2015 11:23:25 (Std) 	[ImageManager] Created image: 'TaharezLook/TabButtonLeftNormal' (0x2906e80) of type: BasicImage
20/04/2015 11:23:25 (Std) 	[ImageManager] Created image: 'TaharezLook/TabButtonRightNormal' (0x2907090) of type: BasicImage
20/04/2015 11:23:25 (Std) 	[ImageManager] Created image: 'TaharezLook/TabButtonUpperNormal' (0x29072a0) of type: BasicImage
20/04/2015 11:23:25 (Std) 	[ImageManager] Created image: 'TaharezLook/TabButtonLowerNormal' (0x29075d0) of type: BasicImage
20/04/2015 11:23:25 (Std) 	[ImageManager] Created image: 'TaharezLook/TabButtonUpperLeftNormal' (0x2907c20) of type: BasicImage
20/04/2015 11:23:25 (Std) 	[ImageManager] Created image: 'TaharezLook/TabButtonUpperLeft2Normal' (0x2907ed0) of type: BasicImage
20/04/2015 11:23:25 (Std) 	[ImageManager] Created image: 'TaharezLook/TabButtonUpperRightNormal' (0x2908220) of type: BasicImage
20/04/2015 11:23:25 (Std) 	[ImageManager] Created image: 'TaharezLook/TabButtonLowerLeftNormal' (0x2908570) of type: BasicImage
20/04/2015 11:23:25 (Std) 	[ImageManager] Created image: 'TaharezLook/TabButtonLowerRightNormal' (0x29088c0) of type: BasicImage
20/04/2015 11:23:25 (Std) 	[ImageManager] Created image: 'TaharezLook/TabButtonLowerRight2Normal' (0x2908f30) of type: BasicImage
20/04/2015 11:23:25 (Std) 	[ImageManager] Created image: 'TaharezLook/TabButtonMiddleNormal' (0x2903ee0) of type: BasicImage
20/04/2015 11:23:25 (Std) 	[ImageManager] Created image: 'TaharezLook/TabButtonLeftSelected' (0x29092e0) of type: BasicImage
20/04/2015 11:23:25 (Std) 	[ImageManager] Created image: 'TaharezLook/TabButtonRightSelected' (0x2909680) of type: BasicImage
20/04/2015 11:23:25 (Std) 	[ImageManager] Created image: 'TaharezLook/TabButtonUpperSelected' (0x29099d0) of type: BasicImage
20/04/2015 11:23:25 (Std) 	[ImageManager] Created image: 'TaharezLook/TabButtonLowerSelected' (0x2909d20) of type: BasicImage
20/04/2015 11:23:25 (Std) 	[ImageManager] Created image: 'TaharezLook/TabButtonUpperLeftSelected' (0x290a200) of type: BasicImage
20/04/2015 11:23:25 (Std) 	[ImageManager] Created image: 'TaharezLook/TabButtonUpperRightSelected' (0x290a620) of type: BasicImage
20/04/2015 11:23:25 (Std) 	[ImageManager] Created image: 'TaharezLook/TabButtonLowerLeftSelected' (0x290a990) of type: BasicImage
20/04/2015 11:23:25 (Std) 	[ImageManager] Created image: 'TaharezLook/TabButtonLowerRightSelected' (0x290ad00) of type: BasicImage
20/04/2015 11:23:25 (Std) 	[ImageManager] Created image: 'TaharezLook/TabButtonMiddleSelected' (0x290b070) of type: BasicImage
20/04/2015 11:23:25 (Std) 	[ImageManager] Created image: 'TaharezLook/TooltipTopLeft' (0x290b280) of type: BasicImage
20/04/2015 11:23:25 (Std) 	[ImageManager] Created image: 'TaharezLook/TooltipTopRight' (0x290b490) of type: BasicImage
20/04/2015 11:23:25 (Std) 	[ImageManager] Created image: 'TaharezLook/TooltipBottomLeft' (0x290b6a0) of type: BasicImage
20/04/2015 11:23:25 (Std) 	[ImageManager] Created image: 'TaharezLook/TooltipBottomRight' (0x290b8b0) of type: BasicImage
20/04/2015 11:23:25 (Std) 	[ImageManager] Created image: 'TaharezLook/TooltipLeftEdge' (0x290bac0) of type: BasicImage
20/04/2015 11:23:25 (Std) 	[ImageManager] Created image: 'TaharezLook/TooltipRightEdge' (0x290bcd0) of type: BasicImage
20/04/2015 11:23:25 (Std) 	[ImageManager] Created image: 'TaharezLook/TooltipTopEdge' (0x290bee0) of type: BasicImage
20/04/2015 11:23:25 (Std) 	[ImageManager] Created image: 'TaharezLook/TooltipBottomEdge' (0x290c0f0) of type: BasicImage
20/04/2015 11:23:25 (Std) 	[ImageManager] Created image: 'TaharezLook/TooltipMiddle' (0x290c300) of type: BasicImage
20/04/2015 11:23:25 (Std) 	[ImageManager] Created image: 'TaharezLook/MenuTopLeft' (0x290c510) of type: BasicImage
20/04/2015 11:23:25 (Std) 	[ImageManager] Created image: 'TaharezLook/MenuTopRight' (0x290c720) of type: BasicImage
20/04/2015 11:23:25 (Std) 	[ImageManager] Created image: 'TaharezLook/MenuBottomLeft' (0x290c930) of type: BasicImage
20/04/2015 11:23:25 (Std) 	[ImageManager] Created image: 'TaharezLook/MenuBottomRight' (0x290cb40) of type: BasicImage
20/04/2015 11:23:25 (Std) 	[ImageManager] Created image: 'TaharezLook/MenuLeft' (0x290cd50) of type: BasicImage
20/04/2015 11:23:25 (Std) 	[ImageManager] Created image: 'TaharezLook/MenuRight' (0x290cf60) of type: BasicImage
20/04/2015 11:23:25 (Std) 	[ImageManager] Created image: 'TaharezLook/MenuTop' (0x290d170) of type: BasicImage
20/04/2015 11:23:25 (Std) 	[ImageManager] Created image: 'TaharezLook/MenuBottom' (0x290d380) of type: BasicImage
20/04/2015 11:23:25 (Std) 	[ImageManager] Created image: 'TaharezLook/MenuMiddle' (0x290d590) of type: BasicImage
20/04/2015 11:23:25 (Std) 	[ImageManager] Created image: 'TaharezLook/PopupMenuFrameTopLeft' (0x290d7a0) of type: BasicImage
20/04/2015 11:23:25 (Std) 	[ImageManager] Created image: 'TaharezLook/PopupMenuFrameTopRight' (0x290d9b0) of type: BasicImage
20/04/2015 11:23:25 (Std) 	[ImageManager] Created image: 'TaharezLook/PopupMenuFrameBottomLeft' (0x290dda0) of type: BasicImage
20/04/2015 11:23:25 (Std) 	[ImageManager] Created image: 'TaharezLook/PopupMenuFrameBottomRight' (0x290e0f0) of type: BasicImage
20/04/2015 11:23:25 (Std) 	[ImageManager] Created image: 'TaharezLook/PopupMenuFrameLeft' (0x290e440) of type: BasicImage
20/04/2015 11:23:25 (Std) 	[ImageManager] Created image: 'TaharezLook/PopupMenuFrameRight' (0x290e650) of type: BasicImage
20/04/2015 11:23:25 (Std) 	[ImageManager] Created image: 'TaharezLook/PopupMenuFrameTop' (0x290e860) of type: BasicImage
20/04/2015 11:23:25 (Std) 	[ImageManager] Created image: 'TaharezLook/PopupMenuFrameBottom' (0x290ea70) of type: BasicImage
20/04/2015 11:23:25 (Std) 	[ImageManager] Created image: 'TaharezLook/PopupMenuMiddle' (0x290ec80) of type: BasicImage
20/04/2015 11:23:25 (Std) 	[ImageManager] Created image: 'TaharezLook/PopupMenuArrowRight' (0x290ee90) of type: BasicImage
20/04/2015 11:23:25 (Std) 	[ImageManager] Created image: 'TaharezLook/PopupMenuArrowLeft' (0x290f0a0) of type: BasicImage
20/04/2015 11:23:25 (Std) 	[ImageManager] Created image: 'TaharezLook/TreeListClosed' (0x290f2b0) of type: BasicImage
20/04/2015 11:23:25 (Std) 	[ImageManager] Created image: 'TaharezLook/TreeListOpened' (0x290f4c0) of type: BasicImage
20/04/2015 11:23:25 (Std) 	===== Falagard 'root' element: look and feel parsing begins =====
20/04/2015 11:23:25 (Std) 	===== Look and feel parsing completed =====
20/04/2015 11:23:25 (Std) 	No window renderer factories specified for module 'CEGUICoreWindowRendererSet' - adding all available factories...
20/04/2015 11:23:25 (Std) 	Created WindowRendererFactory for 'Core/Button' WindowRenderers.
20/04/2015 11:23:25 (Std) 	WindowRendererFactory 'Core/Button' added. (0x284e190)
20/04/2015 11:23:25 (Std) 	Created WindowRendererFactory for 'Core/Default' WindowRenderers.
20/04/2015 11:23:25 (Std) 	WindowRendererFactory 'Core/Default' added. (0x284e330)
20/04/2015 11:23:25 (Std) 	Created WindowRendererFactory for 'Core/Editbox' WindowRenderers.
20/04/2015 11:23:25 (Std) 	WindowRendererFactory 'Core/Editbox' added. (0x299fc50)
20/04/2015 11:23:25 (Std) 	Created WindowRendererFactory for 'Core/FrameWindow' WindowRenderers.
20/04/2015 11:23:25 (Std) 	WindowRendererFactory 'Core/FrameWindow' added. (0x284e9a0)
20/04/2015 11:23:25 (Std) 	Created WindowRendererFactory for 'Core/ItemEntry' WindowRenderers.
20/04/2015 11:23:25 (Std) 	WindowRendererFactory 'Core/ItemEntry' added. (0x284eb40)
20/04/2015 11:23:25 (Std) 	Created WindowRendererFactory for 'Core/ListHeader' WindowRenderers.
20/04/2015 11:23:25 (Std) 	WindowRendererFactory 'Core/ListHeader' added. (0x2b5e8f0)
20/04/2015 11:23:25 (Std) 	Created WindowRendererFactory for 'Core/ListHeaderSegment' WindowRenderers.
20/04/2015 11:23:25 (Std) 	WindowRendererFactory 'Core/ListHeaderSegment' added. (0x2b5ea90)
20/04/2015 11:23:25 (Std) 	Created WindowRendererFactory for 'Core/Listbox' WindowRenderers.
20/04/2015 11:23:25 (Std) 	WindowRendererFactory 'Core/Listbox' added. (0x2b5ec30)
20/04/2015 11:23:25 (Std) 	Created WindowRendererFactory for 'Core/Menubar' WindowRenderers.
20/04/2015 11:23:25 (Std) 	WindowRendererFactory 'Core/Menubar' added. (0x2b41fb0)
20/04/2015 11:23:25 (Std) 	Created WindowRendererFactory for 'Core/MenuItem' WindowRenderers.
20/04/2015 11:23:25 (Std) 	WindowRendererFactory 'Core/MenuItem' added. (0x2b42150)
20/04/2015 11:23:25 (Std) 	Created WindowRendererFactory for 'Core/MultiColumnList' WindowRenderers.
20/04/2015 11:23:25 (Std) 	WindowRendererFactory 'Core/MultiColumnList' added. (0x2b42210)
20/04/2015 11:23:25 (Std) 	Created WindowRendererFactory for 'Core/MultiLineEditbox' WindowRenderers.
20/04/2015 11:23:25 (Std) 	WindowRendererFactory 'Core/MultiLineEditbox' added. (0x2aeb450)
20/04/2015 11:23:25 (Std) 	Created WindowRendererFactory for 'Core/PopupMenu' WindowRenderers.
20/04/2015 11:23:25 (Std) 	WindowRendererFactory 'Core/PopupMenu' added. (0x299f630)
20/04/2015 11:23:25 (Std) 	Created WindowRendererFactory for 'Core/ProgressBar' WindowRenderers.
20/04/2015 11:23:25 (Std) 	WindowRendererFactory 'Core/ProgressBar' added. (0x299f7d0)
20/04/2015 11:23:25 (Std) 	Created WindowRendererFactory for 'Core/ScrollablePane' WindowRenderers.
20/04/2015 11:23:25 (Std) 	WindowRendererFactory 'Core/ScrollablePane' added. (0x299f970)
20/04/2015 11:23:25 (Std) 	Created WindowRendererFactory for 'Core/Scrollbar' WindowRenderers.
20/04/2015 11:23:25 (Std) 	WindowRendererFactory 'Core/Scrollbar' added. (0x2b8fe50)
20/04/2015 11:23:25 (Std) 	Created WindowRendererFactory for 'Core/Slider' WindowRenderers.
20/04/2015 11:23:25 (Std) 	WindowRendererFactory 'Core/Slider' added. (0x2b8fff0)
20/04/2015 11:23:25 (Std) 	Created WindowRendererFactory for 'Core/Static' WindowRenderers.
20/04/2015 11:23:25 (Std) 	WindowRendererFactory 'Core/Static' added. (0x2b90190)
20/04/2015 11:23:25 (Std) 	Created WindowRendererFactory for 'Core/StaticImage' WindowRenderers.
20/04/2015 11:23:25 (Std) 	WindowRendererFactory 'Core/StaticImage' added. (0x2b90750)
20/04/2015 11:23:25 (Std) 	Created WindowRendererFactory for 'Core/StaticText' WindowRenderers.
20/04/2015 11:23:25 (Std) 	WindowRendererFactory 'Core/StaticText' added. (0x2b908f0)
20/04/2015 11:23:25 (Std) 	Created WindowRendererFactory for 'Core/TabButton' WindowRenderers.
20/04/2015 11:23:25 (Std) 	WindowRendererFactory 'Core/TabButton' added. (0x2b90a90)
20/04/2015 11:23:25 (Std) 	Created WindowRendererFactory for 'Core/TabControl' WindowRenderers.
20/04/2015 11:23:25 (Std) 	WindowRendererFactory 'Core/TabControl' added. (0x2b90c30)
20/04/2015 11:23:25 (Std) 	Created WindowRendererFactory for 'Core/Titlebar' WindowRenderers.
20/04/2015 11:23:25 (Std) 	WindowRendererFactory 'Core/Titlebar' added. (0x2b99020)
20/04/2015 11:23:25 (Std) 	Created WindowRendererFactory for 'Core/ToggleButton' WindowRenderers.
20/04/2015 11:23:25 (Std) 	WindowRendererFactory 'Core/ToggleButton' added. (0x2b991c0)
20/04/2015 11:23:25 (Std) 	Created WindowRendererFactory for 'Core/Tooltip' WindowRenderers.
20/04/2015 11:23:25 (Std) 	WindowRendererFactory 'Core/Tooltip' added. (0x2b99360)
20/04/2015 11:23:25 (Std) 	Created WindowRendererFactory for 'Core/ItemListbox' WindowRenderers.
20/04/2015 11:23:25 (Std) 	WindowRendererFactory 'Core/ItemListbox' added. (0x2b99500)
20/04/2015 11:23:25 (Std) 	Created WindowRendererFactory for 'Core/Tree' WindowRenderers.
20/04/2015 11:23:25 (Std) 	WindowRendererFactory 'Core/Tree' added. (0x2b996a0)
20/04/2015 11:23:25 (Std) 	Creating falagard mapping for type 'TaharezLook/Label' using base type 'DefaultWindow', window renderer 'Core/Default' Look'N'Feel 'TaharezLook/Label' and RenderEffect ''. (0x7fff29723730)
20/04/2015 11:23:25 (Std) 	Creating falagard mapping for type 'TaharezLook/Button' using base type 'CEGUI/PushButton', window renderer 'Core/Button' Look'N'Feel 'TaharezLook/Button' and RenderEffect ''. (0x7fff29723730)
20/04/2015 11:23:25 (Std) 	Creating falagard mapping for type 'TaharezLook/Checkbox' using base type 'CEGUI/ToggleButton', window renderer 'Core/ToggleButton' Look'N'Feel 'TaharezLook/Checkbox' and RenderEffect ''. (0x7fff29723730)
20/04/2015 11:23:25 (Std) 	Creating falagard mapping for type 'TaharezLook/ImageButton' using base type 'CEGUI/PushButton', window renderer 'Core/Button' Look'N'Feel 'TaharezLook/ImageButton' and RenderEffect ''. (0x7fff29723730)
20/04/2015 11:23:25 (Std) 	Creating falagard mapping for type 'TaharezLook/RadioButton' using base type 'CEGUI/RadioButton', window renderer 'Core/ToggleButton' Look'N'Feel 'TaharezLook/RadioButton' and RenderEffect ''. (0x7fff29723730)
20/04/2015 11:23:25 (Std) 	Creating falagard mapping for type 'TaharezLook/FrameWindow' using base type 'CEGUI/FrameWindow', window renderer 'Core/FrameWindow' Look'N'Feel 'TaharezLook/FrameWindow' and RenderEffect ''. (0x7fff29723730)
20/04/2015 11:23:25 (Std) 	Creating falagard mapping for type 'TaharezLook/Titlebar' using base type 'CEGUI/Titlebar', window renderer 'Core/Titlebar' Look'N'Feel 'TaharezLook/Titlebar' and RenderEffect ''. (0x7fff29723730)
20/04/2015 11:23:25 (Std) 	Creating falagard mapping for type 'TaharezLook/Editbox' using base type 'CEGUI/Editbox', window renderer 'Core/Editbox' Look'N'Feel 'TaharezLook/Editbox' and RenderEffect ''. (0x7fff29723730)
20/04/2015 11:23:25 (Std) 	Creating falagard mapping for type 'TaharezLook/MultiLineEditbox' using base type 'CEGUI/MultiLineEditbox', window renderer 'Core/MultiLineEditbox' Look'N'Feel 'TaharezLook/MultiLineEditbox' and RenderEffect ''. (0x7fff29723730)
20/04/2015 11:23:25 (Std) 	Creating falagard mapping for type 'TaharezLook/Menubar' using base type 'CEGUI/Menubar', window renderer 'Core/Menubar' Look'N'Feel 'TaharezLook/Menubar' and RenderEffect ''. (0x7fff29723730)
20/04/2015 11:23:25 (Std) 	Creating falagard mapping for type 'TaharezLook/PopupMenu' using base type 'CEGUI/PopupMenu', window renderer 'Core/PopupMenu' Look'N'Feel 'TaharezLook/PopupMenu' and RenderEffect ''. (0x7fff29723730)
20/04/2015 11:23:25 (Std) 	Creating falagard mapping for type 'TaharezLook/MenuItem' using base type 'CEGUI/MenuItem', window renderer 'Core/MenuItem' Look'N'Feel 'TaharezLook/MenuItem' and RenderEffect ''. (0x7fff29723730)
20/04/2015 11:23:25 (Std) 	Creating falagard mapping for type 'TaharezLook/AlternateProgressBar' using base type 'CEGUI/ProgressBar', window renderer 'Core/ProgressBar' Look'N'Feel 'TaharezLook/AltProgressBar' and RenderEffect ''. (0x7fff29723730)
20/04/2015 11:23:25 (Std) 	Creating falagard mapping for type 'TaharezLook/ProgressBar' using base type 'CEGUI/ProgressBar', window renderer 'Core/ProgressBar' Look'N'Feel 'TaharezLook/ProgressBar' and RenderEffect ''. (0x7fff29723730)
20/04/2015 11:23:25 (Std) 	Creating falagard mapping for type 'TaharezLook/VUMeter' using base type 'CEGUI/ProgressBar', window renderer 'Core/ProgressBar' Look'N'Feel 'TaharezLook/VUMeter' and RenderEffect ''. (0x7fff29723730)
20/04/2015 11:23:25 (Std) 	Creating falagard mapping for type 'TaharezLook/VerticalScrollbar' using base type 'CEGUI/Scrollbar', window renderer 'Core/Scrollbar' Look'N'Feel 'TaharezLook/VerticalScrollbar' and RenderEffect ''. (0x7fff29723730)
20/04/2015 11:23:25 (Std) 	Creating falagard mapping for type 'TaharezLook/HorizontalScrollbar' using base type 'CEGUI/Scrollbar', window renderer 'Core/Scrollbar' Look'N'Feel 'TaharezLook/HorizontalScrollbar' and RenderEffect ''. (0x7fff29723730)
20/04/2015 11:23:25 (Std) 	Creating falagard mapping for type 'TaharezLook/VerticalScrollbarThumb' using base type 'CEGUI/Thumb', window renderer 'Core/Button' Look'N'Feel 'TaharezLook/VerticalScrollbarThumb' and RenderEffect ''. (0x7fff29723730)
20/04/2015 11:23:25 (Std) 	Creating falagard mapping for type 'TaharezLook/HorizontalScrollbarThumb' using base type 'CEGUI/Thumb', window renderer 'Core/Button' Look'N'Feel 'TaharezLook/HorizontalScrollbarThumb' and RenderEffect ''. (0x7fff29723730)
20/04/2015 11:23:25 (Std) 	Creating falagard mapping for type 'TaharezLook/LargeVerticalScrollbar' using base type 'CEGUI/Scrollbar', window renderer 'Core/Scrollbar' Look'N'Feel 'TaharezLook/LargeVerticalScrollbar' and RenderEffect ''. (0x7fff29723730)
20/04/2015 11:23:25 (Std) 	Creating falagard mapping for type 'TaharezLook/LargeVerticalScrollbarThumb' using base type 'CEGUI/Thumb', window renderer 'Core/Button' Look'N'Feel 'TaharezLook/LargeVerticalScrollbarThumb' and RenderEffect ''. (0x7fff29723730)
20/04/2015 11:23:25 (Std) 	Creating falagard mapping for type 'TaharezLook/TabButton' using base type 'CEGUI/TabButton', window renderer 'Core/TabButton' Look'N'Feel 'TaharezLook/TabButton' and RenderEffect ''. (0x7fff29723730)
20/04/2015 11:23:25 (Std) 	Creating falagard mapping for type 'TaharezLook/TabControl' using base type 'CEGUI/TabControl', window renderer 'Core/TabControl' Look'N'Feel 'TaharezLook/TabControl' and RenderEffect ''. (0x7fff29723730)
20/04/2015 11:23:25 (Std) 	Creating falagard mapping for type 'TaharezLook/TabContentPane' using base type 'DefaultWindow', window renderer 'Core/Default' Look'N'Feel 'TaharezLook/TabContentPane' and RenderEffect ''. (0x7fff29723730)
20/04/2015 11:23:25 (Std) 	Creating falagard mapping for type 'TaharezLook/TabButtonPane' using base type 'DefaultWindow', window renderer 'Core/Default' Look'N'Feel 'TaharezLook/TabButtonPane' and RenderEffect ''. (0x7fff29723730)
20/04/2015 11:23:25 (Std) 	Creating falagard mapping for type 'TaharezLook/ComboDropList' using base type 'CEGUI/ComboDropList', window renderer 'Core/Listbox' Look'N'Feel 'TaharezLook/ComboDropList' and RenderEffect ''. (0x7fff29723730)
20/04/2015 11:23:25 (Std) 	Creating falagard mapping for type 'TaharezLook/ComboEditbox' using base type 'CEGUI/Editbox', window renderer 'Core/Editbox' Look'N'Feel 'TaharezLook/ComboEditbox' and RenderEffect ''. (0x7fff29723730)
20/04/2015 11:23:25 (Std) 	Creating falagard mapping for type 'TaharezLook/Combobox' using base type 'CEGUI/Combobox', window renderer 'Core/Default' Look'N'Feel 'TaharezLook/Combobox' and RenderEffect ''. (0x7fff29723730)
20/04/2015 11:23:25 (Std) 	Creating falagard mapping for type 'TaharezLook/Listbox' using base type 'CEGUI/Listbox', window renderer 'Core/Listbox' Look'N'Feel 'TaharezLook/Listbox' and RenderEffect ''. (0x7fff29723730)
20/04/2015 11:23:25 (Std) 	Creating falagard mapping for type 'TaharezLook/ListHeader' using base type 'CEGUI/ListHeader', window renderer 'Core/ListHeader' Look'N'Feel 'TaharezLook/ListHeader' and RenderEffect ''. (0x7fff29723730)
20/04/2015 11:23:25 (Std) 	Creating falagard mapping for type 'TaharezLook/ListHeaderSegment' using base type 'CEGUI/ListHeaderSegment', window renderer 'Core/ListHeaderSegment' Look'N'Feel 'TaharezLook/ListHeaderSegment' and RenderEffect ''. (0x7fff29723730)
20/04/2015 11:23:25 (Std) 	Creating falagard mapping for type 'TaharezLook/MultiColumnList' using base type 'CEGUI/MultiColumnList', window renderer 'Core/MultiColumnList' Look'N'Feel 'TaharezLook/MultiColumnList' and RenderEffect ''. (0x7fff29723730)
20/04/2015 11:23:25 (Std) 	Creating falagard mapping for type 'TaharezLook/Slider' using base type 'CEGUI/Slider', window renderer 'Core/Slider' Look'N'Feel 'TaharezLook/Slider' and RenderEffect ''. (0x7fff29723730)
20/04/2015 11:23:25 (Std) 	Creating falagard mapping for type 'TaharezLook/SliderThumb' using base type 'CEGUI/Thumb', window renderer 'Core/Button' Look'N'Feel 'TaharezLook/SliderThumb' and RenderEffect ''. (0x7fff29723730)
20/04/2015 11:23:25 (Std) 	Creating falagard mapping for type 'TaharezLook/ScrollablePane' using base type 'CEGUI/ScrollablePane', window renderer 'Core/ScrollablePane' Look'N'Feel 'TaharezLook/ScrollablePane' and RenderEffect ''. (0x7fff29723730)
20/04/2015 11:23:25 (Std) 	Creating falagard mapping for type 'TaharezLook/Spinner' using base type 'CEGUI/Spinner', window renderer 'Core/Default' Look'N'Feel 'TaharezLook/Spinner' and RenderEffect ''. (0x7fff29723730)
20/04/2015 11:23:25 (Std) 	Creating falagard mapping for type 'TaharezLook/Tooltip' using base type 'CEGUI/Tooltip', window renderer 'Core/Tooltip' Look'N'Feel 'TaharezLook/Tooltip' and RenderEffect ''. (0x7fff29723730)
20/04/2015 11:23:25 (Std) 	Creating falagard mapping for type 'TaharezLook/StaticImage' using base type 'DefaultWindow', window renderer 'Core/StaticImage' Look'N'Feel 'TaharezLook/StaticImage' and RenderEffect ''. (0x7fff29723730)
20/04/2015 11:23:25 (Std) 	Creating falagard mapping for type 'TaharezLook/StaticText' using base type 'DefaultWindow', window renderer 'Core/StaticText' Look'N'Feel 'TaharezLook/StaticText' and RenderEffect ''. (0x7fff29723730)
20/04/2015 11:23:25 (Std) 	Creating falagard mapping for type 'TaharezLook/ItemListbox' using base type 'CEGUI/ItemListbox', window renderer 'Core/ItemListbox' Look'N'Feel 'TaharezLook/ItemListbox' and RenderEffect ''. (0x7fff29723730)
20/04/2015 11:23:25 (Std) 	Creating falagard mapping for type 'TaharezLook/ListboxItem' using base type 'CEGUI/ItemEntry', window renderer 'Core/ItemEntry' Look'N'Feel 'TaharezLook/ListboxItem' and RenderEffect ''. (0x7fff29723730)
20/04/2015 11:23:25 (Std) 	Creating falagard mapping for type 'TaharezLook/GroupBox' using base type 'DefaultWindow', window renderer 'Core/Default' Look'N'Feel 'TaharezLook/GroupBox' and RenderEffect ''. (0x7fff29723730)
20/04/2015 11:23:25 (Std) 	Creating falagard mapping for type 'TaharezLook/Tree' using base type 'CEGUI/Tree', window renderer 'Core/Tree' Look'N'Feel 'TaharezLook/Tree' and RenderEffect ''. (0x7fff29723730)
20/04/2015 11:23:25 (Std) 	[OgreRenderer] Created texture: DejaVuSans-12_auto_glyph_images_32
