11:23:21: Creating resource group General
11:23:21: Creating resource group Internal
11:23:21: Creating resource group Autodetect
11:23:21: SceneManagerFactory for type 'DefaultSceneManager' registered.
11:23:21: Registering ResourceManager for type Material
11:23:21: Registering ResourceManager for type Mesh
11:23:21: Registering ResourceManager for type Skeleton
11:23:21: MovableObjectFactory for type 'ParticleSystem' registered.
11:23:21: ArchiveFactory for archive type FileSystem registered.
11:23:21: ArchiveFactory for archive type Zip registered.
11:23:21: ArchiveFactory for archive type EmbeddedZip registered.
11:23:21: DDS codec registering
11:23:21: FreeImage version: 3.15.4
11:23:21: This program uses FreeImage, a free, open source image library supporting all common bitmap formats. See http://freeimage.sourceforge.net for details
11:23:21: Supported formats: bmp,ico,jpg,jif,jpeg,jpe,jng,koa,iff,lbm,mng,pbm,pbm,pcd,pcx,pgm,pgm,png,ppm,ppm,ras,tga,targa,tif,tiff,wap,wbmp,wbm,psd,cut,xbm,xpm,gif,hdr,g3,sgi,exr,j2k,j2c,jp2,pfm,pct,pict,pic,3fr,arw,bay,bmq,cap,cine,cr2,crw,cs1,dc2,dcr,drf,dsc,dng,erf,fff,ia,iiq,k25,kc2,kdc,mdc,mef,mos,mrw,nef,nrw,orf,pef,ptx,pxn,qtk,raf,raw,rdc,rw2,rwl,rwz,sr2,srf,srw,sti
11:23:21: Registering ResourceManager for type HighLevelGpuProgram
11:23:21: Registering ResourceManager for type Compositor
11:23:21: MovableObjectFactory for type 'Entity' registered.
11:23:21: MovableObjectFactory for type 'Light' registered.
11:23:21: MovableObjectFactory for type 'BillboardSet' registered.
11:23:21: MovableObjectFactory for type 'ManualObject' registered.
11:23:21: MovableObjectFactory for type 'BillboardChain' registered.
11:23:21: MovableObjectFactory for type 'RibbonTrail' registered.
11:23:21: Loading library /lusr/opt/ogre-1.9/lib/OGRE/RenderSystem_GL
11:23:21: Installing plugin: GL RenderSystem
11:23:21: OpenGL Rendering Subsystem created.
11:23:21: Plugin successfully installed
11:23:21: Loading library /lusr/opt/ogre-1.9/lib/OGRE/Plugin_ParticleFX
11:23:21: Installing plugin: ParticleFX
11:23:21: Particle Emitter Type 'Point' registered
11:23:21: Particle Emitter Type 'Box' registered
11:23:21: Particle Emitter Type 'Ellipsoid' registered
11:23:21: Particle Emitter Type 'Cylinder' registered
11:23:21: Particle Emitter Type 'Ring' registered
11:23:21: Particle Emitter Type 'HollowEllipsoid' registered
11:23:21: Particle Affector Type 'LinearForce' registered
11:23:21: Particle Affector Type 'ColourFader' registered
11:23:21: Particle Affector Type 'ColourFader2' registered
11:23:21: Particle Affector Type 'ColourImage' registered
11:23:21: Particle Affector Type 'ColourInterpolator' registered
11:23:21: Particle Affector Type 'Scaler' registered
11:23:21: Particle Affector Type 'Rotator' registered
11:23:21: Particle Affector Type 'DirectionRandomiser' registered
11:23:21: Particle Affector Type 'DeflectorPlane' registered
11:23:21: Plugin successfully installed
11:23:21: Loading library /lusr/opt/ogre-1.9/lib/OGRE/Plugin_BSPSceneManager
11:23:21: Installing plugin: BSP Scene Manager
11:23:21: Plugin successfully installed
11:23:21: Loading library /lusr/opt/ogre-1.9/lib/OGRE/Plugin_PCZSceneManager
11:23:21: Installing plugin: Portal Connected Zone Scene Manager
11:23:21: PCZone Factory Type 'ZoneType_Default' registered
11:23:21: Plugin successfully installed
11:23:21: Loading library /lusr/opt/ogre-1.9/lib/OGRE/Plugin_OctreeZone
11:23:21: Installing plugin: Octree Zone Factory
11:23:21: Plugin successfully installed
11:23:21: Loading library /lusr/opt/ogre-1.9/lib/OGRE/Plugin_OctreeSceneManager
11:23:21: Installing plugin: Octree Scene Manager
11:23:21: Plugin successfully installed
11:23:21: *-*-* OGRE Initialising
11:23:21: *-*-* Version 1.9.0 (Ghadamon)
11:23:21: Creating resource group Essential
11:23:21: Added resource location 'media/packs/SdkTrays.zip' of type 'Zip' to resource group 'Essential'
11:23:21: Creating resource group Fonts
11:23:21: Added resource location '/usr/local/share/cegui-0/fonts' of type 'FileSystem' to resource group 'Fonts'
11:23:21: Added resource location 'media' of type 'FileSystem' to resource group 'General'
11:23:21: Added resource location 'media/materials/scripts' of type 'FileSystem' to resource group 'General'
11:23:21: Added resource location 'media/materials/textures' of type 'FileSystem' to resource group 'General'
11:23:21: Added resource location 'media/models' of type 'FileSystem' to resource group 'General'
11:23:21: Added resource location 'media/packs' of type 'FileSystem' to resource group 'General'
11:23:21: Creating resource group Imagesets
11:23:21: Added resource location '/usr/local/share/cegui-0/imagesets' of type 'FileSystem' to resource group 'Imagesets'
11:23:21: Creating resource group Layouts
11:23:21: Added resource location '/usr/local/share/cegui-0/layouts' of type 'FileSystem' to resource group 'Layouts'
11:23:21: Added resource location 'media/layouts' of type 'FileSystem' to resource group 'Layouts'
11:23:21: Creating resource group LookNFeel
11:23:21: Added resource location '/usr/local/share/cegui-0/looknfeel' of type 'FileSystem' to resource group 'LookNFeel'
11:23:21: Creating resource group Schemes
11:23:21: Added resource location '/usr/local/share/cegui-0/schemes' of type 'FileSystem' to resource group 'Schemes'
11:23:23: CPU Identifier & Features
11:23:23: -------------------------
11:23:23:  *   CPU ID: GenuineIntel: Intel(R) Xeon(R) CPU E3-1270 V2 @ 3.50GHz
11:23:23:  *      SSE: yes
11:23:23:  *     SSE2: yes
11:23:23:  *     SSE3: yes
11:23:23:  *      MMX: yes
11:23:23:  *   MMXEXT: yes
11:23:23:  *    3DNOW: no
11:23:23:  * 3DNOWEXT: no
11:23:23:  *     CMOV: yes
11:23:23:  *      TSC: yes
11:23:23:  *      FPU: yes
11:23:23:  *      PRO: yes
11:23:23:  *       HT: no
11:23:23: -------------------------
11:23:23: ******************************
*** Starting GLX Subsystem ***
******************************
11:23:23: Registering ResourceManager for type Texture
11:23:23: GLRenderSystem::_createRenderWindow "Assignment 1 Render Window", 640x480 fullscreen  miscParams: FSAA=0 displayFrequency=58 Hz gamma=No vsync=No 
11:23:23: Entered video mode 640x480 @ 58Hz
11:23:24: GLXWindow::create used FBConfigID = 309
11:23:24: GL_VERSION = 4.4.0 NVIDIA 331.113
11:23:24: GL_VENDOR = NVIDIA Corporation
11:23:24: GL_RENDERER = Quadro 600/PCIe/SSE2
11:23:24: GL_EXTENSIONS = GL_AMD_multi_draw_indirect GL_ARB_arrays_of_arrays GL_ARB_base_instance GL_ARB_blend_func_extended GL_ARB_buffer_storage GL_ARB_clear_buffer_object GL_ARB_clear_texture GL_ARB_color_buffer_float GL_ARB_compatibility GL_ARB_compressed_texture_pixel_storage GL_ARB_conservative_depth GL_ARB_compute_shader GL_ARB_compute_variable_group_size GL_ARB_copy_buffer GL_ARB_copy_image GL_ARB_debug_output GL_ARB_depth_buffer_float GL_ARB_depth_clamp GL_ARB_depth_texture GL_ARB_draw_buffers GL_ARB_draw_buffers_blend GL_ARB_draw_indirect GL_ARB_draw_elements_base_vertex GL_ARB_draw_instanced GL_ARB_enhanced_layouts GL_ARB_ES2_compatibility GL_ARB_ES3_compatibility GL_ARB_explicit_attrib_location GL_ARB_explicit_uniform_location GL_ARB_fragment_coord_conventions GL_ARB_fragment_layer_viewport GL_ARB_fragment_program GL_ARB_fragment_program_shadow GL_ARB_fragment_shader GL_ARB_framebuffer_no_attachments GL_ARB_framebuffer_object GL_ARB_framebuffer_sRGB GL_ARB_geometry_shader4 GL_ARB_get_program_binary GL_ARB_gpu_shader5 GL_ARB_gpu_shader_fp64 GL_ARB_half_float_pixel GL_ARB_half_float_vertex GL_ARB_imaging GL_ARB_indirect_parameters GL_ARB_instanced_arrays GL_ARB_internalformat_query GL_ARB_internalformat_query2 GL_ARB_invalidate_subdata GL_ARB_map_buffer_alignment GL_ARB_map_buffer_range GL_ARB_multi_bind GL_ARB_multi_draw_indirect GL_ARB_multisample GL_ARB_multitexture GL_ARB_occlusion_query GL_ARB_occlusion_query2 GL_ARB_pixel_buffer_object GL_ARB_point_parameters GL_ARB_point_sprite GL_ARB_program_interface_query GL_ARB_provoking_vertex GL_ARB_robust_buffer_access_behavior GL_ARB_robustness GL_ARB_sample_shading GL_ARB_sampler_objects GL_ARB_seamless_cube_map GL_ARB_separate_shader_objects GL_ARB_shader_atomic_counters GL_ARB_shader_bit_encoding GL_ARB_shader_draw_parameters GL_ARB_shader_group_vote GL_ARB_shader_image_load_store GL_ARB_shader_image_size GL_ARB_shader_objects GL_ARB_shader_precision GL_ARB_query_buffer_object GL_ARB_shader_storage_buffer_object GL_ARB_shader_subroutine GL_ARB_shader_texture_lod GL_ARB_shading_language_100 GL_ARB_shading_language_420pack GL_ARB_shading_language_include GL_ARB_shading_language_packing GL_ARB_shadow GL_ARB_stencil_texturing GL_ARB_sync GL_ARB_tessellation_shader GL_ARB_texture_border_clamp GL_ARB_texture_buffer_object GL_ARB_texture_buffer_object_rgb32 GL_ARB_texture_buffer_range GL_ARB_texture_compression GL_ARB_texture_compression_bptc GL_ARB_texture_compression_rgtc GL_ARB_texture_cube_map GL_ARB_texture_cube_map_array GL_ARB_texture_env_add GL_ARB_texture_env_combine GL_ARB_texture_env_crossbar GL_ARB_texture_env_dot3 GL_ARB_texture_float GL_ARB_texture_gather GL_ARB_texture_mirror_clamp_to_edge GL_ARB_texture_mirrored_repeat GL_ARB_texture_multisample GL_ARB_texture_non_power_of_two GL_ARB_texture_query_levels GL_ARB_texture_query_lod GL_ARB_texture_rectangle GL_ARB_texture_rg GL_ARB_texture_rgb10_a2ui GL_ARB_texture_stencil8 GL_ARB_texture_storage GL_ARB_texture_storage_multisample GL_ARB_texture_swizzle GL_ARB_texture_view GL_ARB_timer_query GL_ARB_transform_feedback2 GL_ARB_transform_feedback3 GL_ARB_transform_feedback_instanced GL_ARB_transpose_matrix GL_ARB_uniform_buffer_object GL_ARB_vertex_array_bgra GL_ARB_vertex_array_object GL_ARB_vertex_attrib_64bit GL_ARB_vertex_attrib_binding GL_ARB_vertex_buffer_object GL_ARB_vertex_program GL_ARB_vertex_shader GL_ARB_vertex_type_10f_11f_11f_rev GL_ARB_vertex_type_2_10_10_10_rev GL_ARB_viewport_array GL_ARB_window_pos GL_ATI_draw_buffers GL_ATI_texture_float GL_ATI_texture_mirror_once GL_S3_s3tc GL_EXT_texture_env_add GL_EXT_abgr GL_EXT_bgra GL_EXT_bindable_uniform GL_EXT_blend_color GL_EXT_blend_equation_separate GL_EXT_blend_func_separate GL_EXT_blend_minmax GL_EXT_blend_subtract GL_EXT_compiled_vertex_array GL_EXT_Cg_shader GL_EXT_depth_bounds_test GL_EXT_direct_state_access GL_EXT_draw_buffers2 GL_EXT_draw_instanced GL_EXT_draw_range_elements GL_EXT_fog_coord GL_EXT_framebuffer_blit GL_EXT_framebuffer_multisample GL_EXTX_framebuffer_mixed_formats GL_EXT_framebuffer_multisample_blit_scaled GL_EXT_framebuffer_object GL_EXT_framebuffer_sRGB GL_EXT_geometry_shader4 GL_EXT_gpu_program_parameters GL_EXT_gpu_shader4 GL_EXT_multi_draw_arrays GL_EXT_packed_depth_stencil GL_EXT_packed_float GL_EXT_packed_pixels GL_EXT_pixel_buffer_object GL_EXT_point_parameters GL_EXT_provoking_vertex GL_EXT_rescale_normal GL_EXT_secondary_color GL_EXT_separate_shader_objects GL_EXT_separate_specular_color GL_EXT_shader_image_load_store GL_EXT_shadow_funcs GL_EXT_stencil_two_side GL_EXT_stencil_wrap GL_EXT_texture3D GL_EXT_texture_array GL_EXT_texture_buffer_object GL_EXT_texture_compression_dxt1 GL_EXT_texture_compression_latc GL_EXT_texture_compression_rgtc GL_EXT_texture_compression_s3tc GL_EXT_texture_cube_map GL_EXT_texture_edge_clamp GL_EXT_texture_env_combine GL_EXT_texture_env_dot3 GL_EXT_texture_filter_anisotropic GL_EXT_texture_integer GL_EXT_texture_lod GL_EXT_texture_lod_bias GL_EXT_texture_mirror_clamp GL_EXT_texture_object GL_EXT_texture_shared_exponent GL_EXT_texture_sRGB GL_EXT_texture_sRGB_decode GL_EXT_texture_storage GL_EXT_texture_swizzle GL_EXT_timer_query GL_EXT_transform_feedback2 GL_EXT_vertex_array GL_EXT_vertex_array_bgra GL_EXT_vertex_attrib_64bit GL_EXT_x11_sync_object GL_EXT_import_sync_object GL_IBM_rasterpos_clip GL_IBM_texture_mirrored_repeat GL_KHR_debug GL_KTX_buffer_region GL_NV_bindless_multi_draw_indirect GL_NV_blend_equation_advanced GL_NV_blend_square GL_NV_compute_program5 GL_NV_conditional_render GL_NV_copy_depth_to_color GL_NV_copy_image GL_NV_depth_buffer_float GL_NV_depth_clamp GL_NV_draw_texture GL_NV_ES1_1_compatibility GL_NV_explicit_multisample GL_NV_fence GL_NV_float_buffer GL_NV_fog_distance GL_NV_fragment_program GL_NV_fragment_program_option GL_NV_fragment_program2 GL_NV_framebuffer_multisample_coverage GL_NV_geometry_shader4 GL_NV_gpu_program4 GL_NV_gpu_program4_1 GL_NV_gpu_program5 GL_NV_gpu_program5_mem_extended GL_NV_gpu_program_fp64 GL_NV_gpu_shader5 GL_NV_half_float GL_NV_light_max_exponent GL_NV_multisample_coverage GL_NV_multisample_filter_hint GL_NV_occlusion_query GL_NV_packed_depth_stencil GL_NV_parameter_buffer_object GL_NV_parameter_buffer_object2 GL_NV_path_rendering GL_NV_pixel_data_range GL_NV_point_sprite GL_NV_primitive_restart GL_NV_register_combiners GL_NV_register_combiners2 GL_NV_shader_atomic_counters GL_NV_shader_atomic_float GL_NV_shader_buffer_load GL_NV_shader_storage_buffer_object GL_ARB_sparse_texture GL_NV_texgen_reflection GL_NV_texture_barrier GL_NV_texture_compression_vtc GL_NV_texture_env_combine4 GL_NV_texture_expand_normal GL_NV_texture_multisample GL_NV_texture_rectangle GL_NV_texture_shader GL_NV_texture_shader2 GL_NV_texture_shader3 GL_NV_transform_feedback GL_NV_transform_feedback2 GL_NV_vdpau_interop GL_NV_vertex_array_range GL_NV_vertex_array_range2 GL_NV_vertex_attrib_integer_64bit GL_NV_vertex_buffer_unified_memory GL_NV_vertex_program GL_NV_vertex_program1_1 GL_NV_vertex_program2 GL_NV_vertex_program2_option GL_NV_vertex_program3 GL_NVX_conditional_render GL_NVX_gpu_memory_info GL_SGIS_generate_mipmap GL_SGIS_texture_lod GL_SGIX_depth_texture GL_SGIX_shadow GL_SUN_slice_accum 
11:23:24: Supported GLX extensions: GLX_EXT_visual_info GLX_EXT_visual_rating GLX_SGIX_fbconfig GLX_SGIX_pbuffer GLX_SGI_video_sync GLX_SGI_swap_control GLX_EXT_swap_control GLX_EXT_swap_control_tear GLX_EXT_texture_from_pixmap GLX_EXT_buffer_age GLX_ARB_create_context GLX_ARB_create_context_profile GLX_EXT_create_context_es_profile GLX_EXT_create_context_es2_profile GLX_ARB_create_context_robustness GLX_ARB_multisample GLX_NV_float_buffer GLX_ARB_fbconfig_float GLX_NV_swap_group GLX_EXT_framebuffer_sRGB GLX_NV_multisample_coverage GLX_NV_copy_image GLX_NV_video_capture GLX_ARB_get_proc_address 
11:23:24: ***************************
11:23:24: *** GL Renderer Started ***
11:23:24: ***************************
11:23:24: Registering ResourceManager for type GpuProgram
11:23:24: GLSL support detected
11:23:24: GL: Using GL_EXT_framebuffer_object for rendering to textures (best)
11:23:24: FBO PF_UNKNOWN depth/stencil support: D0S8 D16S0 D24S0 D32S0 Packed-D24S8 
11:23:24: FBO PF_L8 depth/stencil support: D0S0 D0S8 D16S0 D24S0 D32S0 Packed-D24S8 
11:23:24: FBO PF_A8 depth/stencil support: D0S0 D0S8 D16S0 D24S0 D32S0 Packed-D24S8 
11:23:24: FBO PF_A4L4 depth/stencil support: D0S0 D0S8 D16S0 D24S0 D32S0 Packed-D24S8 
11:23:24: FBO PF_BYTE_LA depth/stencil support: D0S0 D0S8 D16S0 D24S0 D32S0 Packed-D24S8 
11:23:24: FBO PF_R5G6B5 depth/stencil support: D0S0 D0S8 D16S0 D24S0 D32S0 Packed-D24S8 
11:23:24: FBO PF_B5G6R5 depth/stencil support: D0S0 D0S8 D16S0 D24S0 D32S0 Packed-D24S8 
11:23:24: FBO PF_A4R4G4B4 depth/stencil support: D0S0 D0S8 D16S0 D24S0 D32S0 Packed-D24S8 
11:23:24: FBO PF_A1R5G5B5 depth/stencil support: D0S0 D0S8 D16S0 D24S0 D32S0 Packed-D24S8 
11:23:24: FBO PF_R8G8B8 depth/stencil support: D0S0 D0S8 D16S0 D24S0 D32S0 Packed-D24S8 
11:23:24: FBO PF_B8G8R8 depth/stencil support: D0S0 D0S8 D16S0 D24S0 D32S0 Packed-D24S8 
11:23:24: FBO PF_A8R8G8B8 depth/stencil support: D0S0 D0S8 D16S0 D24S0 D32S0 Packed-D24S8 
11:23:24: FBO PF_B8G8R8A8 depth/stencil support: D0S0 D0S8 D16S0 D24S0 D32S0 Packed-D24S8 
11:23:24: FBO PF_A2R10G10B10 depth/stencil support: D0S0 D0S8 D16S0 D24S0 D32S0 Packed-D24S8 
11:23:24: FBO PF_A2B10G10R10 depth/stencil support: D0S0 D0S8 D16S0 D24S0 D32S0 Packed-D24S8 
11:23:24: FBO PF_FLOAT16_RGB depth/stencil support: D0S0 D0S8 D16S0 D24S0 D32S0 Packed-D24S8 
11:23:24: FBO PF_FLOAT16_RGBA depth/stencil support: D0S0 D0S8 D16S0 D24S0 D32S0 Packed-D24S8 
11:23:24: FBO PF_FLOAT32_RGB depth/stencil support: D0S0 D0S8 D16S0 D24S0 D32S0 Packed-D24S8 
11:23:24: FBO PF_FLOAT32_RGBA depth/stencil support: D0S0 D0S8 D16S0 D24S0 D32S0 Packed-D24S8 
11:23:24: FBO PF_X8R8G8B8 depth/stencil support: D0S0 D0S8 D16S0 D24S0 D32S0 Packed-D24S8 
11:23:24: FBO PF_X8B8G8R8 depth/stencil support: D0S0 D0S8 D16S0 D24S0 D32S0 Packed-D24S8 
11:23:24: FBO PF_SHORT_RGBA depth/stencil support: D0S0 D0S8 D16S0 D24S0 D32S0 Packed-D24S8 
11:23:24: FBO PF_R3G3B2 depth/stencil support: D0S0 D0S8 D16S0 D24S0 D32S0 Packed-D24S8 
11:23:24: FBO PF_FLOAT16_R depth/stencil support: D0S0 D0S8 D16S0 D24S0 D32S0 Packed-D24S8 
11:23:24: FBO PF_FLOAT32_R depth/stencil support: D0S0 D0S8 D16S0 D24S0 D32S0 Packed-D24S8 
11:23:24: FBO PF_FLOAT16_GR depth/stencil support: D0S0 D0S8 D16S0 D24S0 D32S0 Packed-D24S8 
11:23:24: FBO PF_FLOAT32_GR depth/stencil support: D0S0 D0S8 D16S0 D24S0 D32S0 Packed-D24S8 
11:23:25: FBO PF_SHORT_RGB depth/stencil support: D0S0 D0S8 D16S0 D24S0 D32S0 Packed-D24S8 
11:23:25: [GL] : Valid FBO targets PF_UNKNOWN PF_L8 PF_A8 PF_A4L4 PF_BYTE_LA PF_R5G6B5 PF_B5G6R5 PF_A4R4G4B4 PF_A1R5G5B5 PF_R8G8B8 PF_B8G8R8 PF_A8R8G8B8 PF_B8G8R8A8 PF_A2R10G10B10 PF_A2B10G10R10 PF_FLOAT16_RGB PF_FLOAT16_RGBA PF_FLOAT32_RGB PF_FLOAT32_RGBA PF_X8R8G8B8 PF_X8B8G8R8 PF_SHORT_RGBA PF_R3G3B2 PF_FLOAT16_R PF_FLOAT32_R PF_FLOAT16_GR PF_FLOAT32_GR PF_SHORT_RGB 
11:23:25: RenderSystem capabilities
11:23:25: -------------------------
11:23:25: RenderSystem Name: OpenGL Rendering Subsystem
11:23:25: GPU Vendor: nvidia
11:23:25: Device Name: Quadro 600/PCIe/SSE2
11:23:25: Driver Version: 4.4.0.0
11:23:25:  * Fixed function pipeline: yes
11:23:25:  * Hardware generation of mipmaps: yes
11:23:25:  * Texture blending: yes
11:23:25:  * Anisotropic texture filtering: yes
11:23:25:  * Dot product texture operation: yes
11:23:25:  * Cube mapping: yes
11:23:25:  * Hardware stencil buffer: yes
11:23:25:    - Stencil depth: 8
11:23:25:    - Two sided stencil support: yes
11:23:25:    - Wrap stencil values: yes
11:23:25:  * Hardware vertex / index buffers: yes
11:23:25:  * Vertex programs: yes
11:23:25:  * Number of floating-point constants for vertex programs: 1024
11:23:25:  * Number of integer constants for vertex programs: 0
11:23:25:  * Number of boolean constants for vertex programs: 0
11:23:25:  * Fragment programs: yes
11:23:25:  * Number of floating-point constants for fragment programs: 512
11:23:25:  * Number of integer constants for fragment programs: 0
11:23:25:  * Number of boolean constants for fragment programs: 0
11:23:25:  * Geometry programs: yes
11:23:25:  * Number of floating-point constants for geometry programs: 2048
11:23:25:  * Number of integer constants for geometry programs: 0
11:23:25:  * Number of boolean constants for geometry programs: 0
11:23:25:  * Tesselation Hull programs: no
11:23:25:  * Number of floating-point constants for tesselation hull programs: 46073
11:23:25:  * Number of integer constants for tesselation hull programs: 40927
11:23:25:  * Number of boolean constants for tesselation hull programs: 45532
11:23:25:  * Tesselation Domain programs: no
11:23:25:  * Number of floating-point constants for tesselation domain programs: 16888
11:23:25:  * Number of integer constants for tesselation domain programs: 14265
11:23:25:  * Number of boolean constants for tesselation domain programs: 55320
11:23:25:  * Compute programs: no
11:23:25:  * Number of floating-point constants for compute programs: 65217
11:23:25:  * Number of integer constants for compute programs: 65090
11:23:25:  * Number of boolean constants for compute programs: 18577
11:23:25:  * Supported Shader Profiles: arbfp1 arbvp1 fp20 fp30 fp40 glsl glsl100 glsl110 glsl120 gp4fp gp4gp gp4vp gpu_fp gpu_gp gpu_vp nvgp4 vp30 vp40
11:23:25:  * Texture Compression: yes
11:23:25:    - DXT: yes
11:23:25:    - VTC: yes
11:23:25:    - PVRTC: no
11:23:25:    - ATC: no
11:23:25:    - ETC1: no
11:23:25:    - ETC2: no
11:23:25:    - BC4/BC5: no
11:23:25:    - BC6H/BC7: no
11:23:25:  * Scissor Rectangle: yes
11:23:25:  * Hardware Occlusion Query: yes
11:23:25:  * User clip planes: yes
11:23:25:  * VET_UBYTE4 vertex element type: yes
11:23:25:  * Infinite far plane projection: yes
11:23:25:  * Hardware render-to-texture: yes
11:23:25:  * Floating point textures: yes
11:23:25:  * Non-power-of-two textures: yes
11:23:25:  * 1d textures: yes
11:23:25:  * Volume textures: yes
11:23:25:  * Multiple Render Targets: 8
11:23:25:    - With different bit depths: yes
11:23:25:  * Point Sprites: yes
11:23:25:  * Extended point parameters: yes
11:23:25:  * Max Point Size: 2047
11:23:25:  * Vertex texture fetch: yes
11:23:25:  * Number of world matrices: 0
11:23:25:  * Number of texture units: 16
11:23:25:  * Stencil buffer depth: 8
11:23:25:  * Number of vertex blend matrices: 0
11:23:25:    - Max vertex textures: 32
11:23:25:    - Vertex textures shared: yes
11:23:25:  * Render to Vertex Buffer : yes
11:23:25:  * Hardware Atomic Counters: no
11:23:25:  * GL 1.5 without VBO workaround: no
11:23:25:  * Frame Buffer objects: yes
11:23:25:  * Frame Buffer objects (ARB extension): no
11:23:25:  * Frame Buffer objects (ATI extension): no
11:23:25:  * PBuffer support: yes
11:23:25:  * GL 1.5 without HW-occlusion workaround: no
11:23:25:  * Vertex Array Objects: no
11:23:25:  * Separate shader objects: no
11:23:25: DefaultWorkQueue('Root') initialising on thread 7f43b74b0840.
11:23:25: DefaultWorkQueue('Root')::WorkerFunc - thread 7f43a99cb700 starting.
11:23:25: DefaultWorkQueue('Root')::WorkerFunc - thread 7f43a91ca700 starting.
11:23:25: DefaultWorkQueue('Root')::WorkerFunc - thread 7f43a89c9700 starting.
11:23:25: DefaultWorkQueue('Root')::WorkerFunc - thread 7f439b7fe700 starting.
11:23:25: DefaultWorkQueue('Root')::WorkerFunc - thread 7f439bfff700 starting.
11:23:25: DefaultWorkQueue('Root')::WorkerFunc - thread 7f439affd700 starting.
11:23:25: DefaultWorkQueue('Root')::WorkerFunc - thread 7f439a7fc700 starting.
11:23:25: DefaultWorkQueue('Root')::WorkerFunc - thread 7f4399ffb700 starting.
11:23:25: Particle Renderer Type 'billboard' registered
11:23:25: SceneManagerFactory for type 'BspSceneManager' registered.
11:23:25: Registering ResourceManager for type BspLevel
11:23:25: SceneManagerFactory for type 'PCZSceneManager' registered.
11:23:25: MovableObjectFactory for type 'PCZLight' registered.
11:23:25: MovableObjectFactory for type 'Portal' registered.
11:23:25: MovableObjectFactory for type 'AntiPortal' registered.
11:23:25: PCZone Factory Type 'ZoneType_Octree' registered
11:23:25: SceneManagerFactory for type 'OctreeSceneManager' registered.
11:23:25: OverlayElementFactory for type Panel registered.
11:23:25: OverlayElementFactory for type BorderPanel registered.
11:23:25: OverlayElementFactory for type TextArea registered.
11:23:25: Registering ResourceManager for type Font
11:23:25: Parsing scripts for resource group Autodetect
11:23:25: Finished parsing scripts for resource group Autodetect
11:23:25: Creating resources for group Autodetect
11:23:25: All done
11:23:25: Parsing scripts for resource group Essential
11:23:25: Parsing script SdkTrays.material
11:23:25: Parsing script SdkTrays.fontdef
11:23:25: Parsing script SdkTrays.overlay
11:23:25: Bad element attribute line: '# you can offset the image to change the cursor "hotspot"' for element SdkTrays/Cursor in overlay 
11:23:25: Texture: sdk_cursor.png: Loading 1 faces(PF_A8R8G8B8,32x32x1) with 5 hardware generated mipmaps from Image. Internal format is PF_A8R8G8B8,32x32x1.
11:23:25: Texture: sdk_tray.png: Loading 1 faces(PF_A8R8G8B8,64x64x1) with 5 hardware generated mipmaps from Image. Internal format is PF_A8R8G8B8,64x64x1.
11:23:25: Texture: sdk_button_up.png: Loading 1 faces(PF_A8R8G8B8,128x32x1) with 5 hardware generated mipmaps from Image. Internal format is PF_A8R8G8B8,128x32x1.
11:23:25: Texture: sdk_text_box.png: Loading 1 faces(PF_A8R8G8B8,32x32x1) with 5 hardware generated mipmaps from Image. Internal format is PF_A8R8G8B8,32x32x1.
11:23:25: Texture: sdk_mini_tray.png: Loading 1 faces(PF_A8R8G8B8,32x32x1) with 5 hardware generated mipmaps from Image. Internal format is PF_A8R8G8B8,32x32x1.
11:23:25: Texture: sdk_track.png: Loading 1 faces(PF_A8R8G8B8,16x32x1) with 5 hardware generated mipmaps from Image. Internal format is PF_A8R8G8B8,16x32x1.
11:23:25: Texture: sdk_handle.png: Loading 1 faces(PF_A8R8G8B8,16x16x1) with 4 hardware generated mipmaps from Image. Internal format is PF_A8R8G8B8,16x16x1.
11:23:25: Texture: sdk_mini_text_box.png: Loading 1 faces(PF_A8R8G8B8,32x32x1) with 5 hardware generated mipmaps from Image. Internal format is PF_A8R8G8B8,32x32x1.
11:23:25: Texture: sdk_label.png: Loading 1 faces(PF_A8R8G8B8,32x32x1) with 5 hardware generated mipmaps from Image. Internal format is PF_A8R8G8B8,32x32x1.
11:23:25: Texture: sdk_separator.png: Loading 1 faces(PF_A8R8G8B8,64x16x1) with 5 hardware generated mipmaps from Image. Internal format is PF_A8R8G8B8,64x16x1.
11:23:25: Texture: sdk_logo.png: Loading 1 faces(PF_A8R8G8B8,128x64x1) with 5 hardware generated mipmaps from Image. Internal format is PF_A8R8G8B8,128x64x1.
11:23:25: Texture: sdk_shade.png: Loading 1 faces(PF_A8R8G8B8,64x48x1) with 5 hardware generated mipmaps from Image. Internal format is PF_A8R8G8B8,64x48x1.
11:23:25: Texture: sdk_frame.png: Loading 1 faces(PF_A8R8G8B8,32x32x1) with 5 hardware generated mipmaps from Image. Internal format is PF_A8R8G8B8,32x32x1.
11:23:25: Texture: sdk_mini_text_box_over.png: Loading 1 faces(PF_A8R8G8B8,32x32x1) with 5 hardware generated mipmaps from Image. Internal format is PF_A8R8G8B8,32x32x1.
11:23:25: Texture: sdk_pulse.png: Loading 1 faces(PF_R8G8B8,8x1x1) with 3 hardware generated mipmaps from Image. Internal format is PF_X8R8G8B8,8x1x1.
11:23:25: Finished parsing scripts for resource group Essential
11:23:25: Creating resources for group Essential
11:23:25: All done
11:23:25: Parsing scripts for resource group Fonts
11:23:25: Finished parsing scripts for resource group Fonts
11:23:25: Creating resources for group Fonts
11:23:25: All done
11:23:25: Parsing scripts for resource group General
11:23:25: Parsing script Racquetball.material
11:23:25: Finished parsing scripts for resource group General
11:23:25: Creating resources for group General
11:23:25: All done
11:23:25: Parsing scripts for resource group Imagesets
11:23:25: Finished parsing scripts for resource group Imagesets
11:23:25: Creating resources for group Imagesets
11:23:25: All done
11:23:25: Parsing scripts for resource group Internal
11:23:25: Finished parsing scripts for resource group Internal
11:23:25: Creating resources for group Internal
11:23:25: All done
11:23:25: Parsing scripts for resource group Layouts
11:23:25: Finished parsing scripts for resource group Layouts
11:23:25: Creating resources for group Layouts
11:23:25: All done
11:23:25: Parsing scripts for resource group LookNFeel
11:23:25: Finished parsing scripts for resource group LookNFeel
11:23:25: Creating resources for group LookNFeel
11:23:25: All done
11:23:25: Parsing scripts for resource group Schemes
11:23:25: Finished parsing scripts for resource group Schemes
11:23:25: Creating resources for group Schemes
11:23:25: All done
11:23:25: *** Initializing OIS ***
11:23:25: Texture: spot_shadow_fade.png: Loading 1 faces(PF_R8G8B8,128x128x1) with 5 hardware generated mipmaps from Image. Internal format is PF_X8R8G8B8,128x128x1.
11:23:27: DefaultWorkQueue('Root') shutting down on thread 7f43b74b0840.
11:23:27: DefaultWorkQueue('Root')::WorkerFunc - thread 7f43a99cb700 stopped.
11:23:27: DefaultWorkQueue('Root')::WorkerFunc - thread 7f43a91ca700 stopped.
11:23:27: DefaultWorkQueue('Root')::WorkerFunc - thread 7f43a89c9700 stopped.
11:23:27: DefaultWorkQueue('Root')::WorkerFunc - thread 7f4399ffb700 stopped.
11:23:27: DefaultWorkQueue('Root')::WorkerFunc - thread 7f439bfff700 stopped.
11:23:27: DefaultWorkQueue('Root')::WorkerFunc - thread 7f439affd700 stopped.
11:23:27: DefaultWorkQueue('Root')::WorkerFunc - thread 7f439a7fc700 stopped.
11:23:27: DefaultWorkQueue('Root')::WorkerFunc - thread 7f439b7fe700 stopped.
11:23:27: PCZone Factory Type 'ZoneType_Octree' unregistered
11:23:27: Unregistering ResourceManager for type BspLevel
11:23:27: *-*-* OGRE Shutdown
11:23:27: Unregistering ResourceManager for type Compositor
11:23:27: Unregistering ResourceManager for type Skeleton
11:23:27: Unregistering ResourceManager for type Mesh
11:23:27: Unregistering ResourceManager for type HighLevelGpuProgram
11:23:27: Uninstalling plugin: Octree Scene Manager
11:23:27: Plugin successfully uninstalled
11:23:27: Unloading library /lusr/opt/ogre-1.9/lib/OGRE/Plugin_OctreeSceneManager
11:23:27: Uninstalling plugin: Octree Zone Factory
11:23:27: Plugin successfully uninstalled
11:23:27: Unloading library /lusr/opt/ogre-1.9/lib/OGRE/Plugin_OctreeZone
11:23:27: Uninstalling plugin: Portal Connected Zone Scene Manager
11:23:27: Plugin successfully uninstalled
11:23:27: Unloading library /lusr/opt/ogre-1.9/lib/OGRE/Plugin_PCZSceneManager
11:23:27: Uninstalling plugin: BSP Scene Manager
11:23:27: Plugin successfully uninstalled
11:23:27: Unloading library /lusr/opt/ogre-1.9/lib/OGRE/Plugin_BSPSceneManager
11:23:27: Uninstalling plugin: ParticleFX
11:23:27: Plugin successfully uninstalled
11:23:27: Unloading library /lusr/opt/ogre-1.9/lib/OGRE/Plugin_ParticleFX
11:23:27: Uninstalling plugin: GL RenderSystem
11:23:27: Entered video mode 1920x1200 @ 50Hz
11:23:27: Unregistering ResourceManager for type GpuProgram
11:23:27: ******************************
*** Stopping GLX Subsystem ***
******************************
11:23:27: Unregistering ResourceManager for type Texture
11:23:27: Plugin successfully uninstalled
11:23:27: Unloading library /lusr/opt/ogre-1.9/lib/OGRE/RenderSystem_GL
11:23:27: Unregistering ResourceManager for type Material
